CRITICAL - 2024-02-03 00:21:59 --> ErrorException: Undefined array key "DEVCYCLE_SERVER_SDK_KEY"
in APPPATH/Controllers/Home.php on line 20.
 1 APPPATH/Controllers/Home.php(20): CodeIgniter\Debug\Exceptions->errorHandler(2, 'Undefined array key "DEVCYCLE_SERVER_SDK_KEY"', '/Users/devcycle-andrew/Documents/GitHub/example-php-codeigniter/app/Controllers/Home.php', 20)
 2 SYSTEMPATH/CodeIgniter.php(941): App\Controllers\Home->index()
 3 SYSTEMPATH/CodeIgniter.php(502): CodeIgniter\CodeIgniter->runController(Object(App\Controllers\Home))
 4 SYSTEMPATH/CodeIgniter.php(361): CodeIgniter\CodeIgniter->handleRequest(null, Object(Config\Cache), false)
 5 FCPATH/index.php(79): CodeIgniter\CodeIgniter->run()
 6 SYSTEMPATH/Commands/Server/rewrite.php(47): require_once('/Users/devcycle-andrew/Documents/GitHub/example-php-codeigniter/public/index.php')
CRITICAL - 2024-02-03 00:22:21 --> ErrorException: Undefined array key "DEVCYCLE_SERVER_SDK_KEY"
in APPPATH/Controllers/Home.php on line 20.
 1 APPPATH/Controllers/Home.php(20): CodeIgniter\Debug\Exceptions->errorHandler(2, 'Undefined array key "DEVCYCLE_SERVER_SDK_KEY"', '/Users/devcycle-andrew/Documents/GitHub/example-php-codeigniter/app/Controllers/Home.php', 20)
 2 SYSTEMPATH/CodeIgniter.php(941): App\Controllers\Home->index()
 3 SYSTEMPATH/CodeIgniter.php(502): CodeIgniter\CodeIgniter->runController(Object(App\Controllers\Home))
 4 SYSTEMPATH/CodeIgniter.php(361): CodeIgniter\CodeIgniter->handleRequest(null, Object(Config\Cache), false)
 5 FCPATH/index.php(79): CodeIgniter\CodeIgniter->run()
 6 SYSTEMPATH/Commands/Server/rewrite.php(47): require_once('/Users/devcycle-andrew/Documents/GitHub/example-php-codeigniter/public/index.php')
CRITICAL - 2024-02-03 00:22:22 --> ErrorException: Undefined array key "DEVCYCLE_SERVER_SDK_KEY"
in APPPATH/Controllers/Home.php on line 20.
 1 APPPATH/Controllers/Home.php(20): CodeIgniter\Debug\Exceptions->errorHandler(2, 'Undefined array key "DEVCYCLE_SERVER_SDK_KEY"', '/Users/devcycle-andrew/Documents/GitHub/example-php-codeigniter/app/Controllers/Home.php', 20)
 2 SYSTEMPATH/CodeIgniter.php(941): App\Controllers\Home->index()
 3 SYSTEMPATH/CodeIgniter.php(502): CodeIgniter\CodeIgniter->runController(Object(App\Controllers\Home))
 4 SYSTEMPATH/CodeIgniter.php(361): CodeIgniter\CodeIgniter->handleRequest(null, Object(Config\Cache), false)
 5 FCPATH/index.php(79): CodeIgniter\CodeIgniter->run()
 6 SYSTEMPATH/Commands/Server/rewrite.php(47): require_once('/Users/devcycle-andrew/Documents/GitHub/example-php-codeigniter/public/index.php')
CRITICAL - 2024-02-03 00:22:22 --> ErrorException: Undefined array key "DEVCYCLE_SERVER_SDK_KEY"
in APPPATH/Controllers/Home.php on line 20.
 1 APPPATH/Controllers/Home.php(20): CodeIgniter\Debug\Exceptions->errorHandler(2, 'Undefined array key "DEVCYCLE_SERVER_SDK_KEY"', '/Users/devcycle-andrew/Documents/GitHub/example-php-codeigniter/app/Controllers/Home.php', 20)
 2 SYSTEMPATH/CodeIgniter.php(941): App\Controllers\Home->index()
 3 SYSTEMPATH/CodeIgniter.php(502): CodeIgniter\CodeIgniter->runController(Object(App\Controllers\Home))
 4 SYSTEMPATH/CodeIgniter.php(361): CodeIgniter\CodeIgniter->handleRequest(null, Object(Config\Cache), false)
 5 FCPATH/index.php(79): CodeIgniter\CodeIgniter->run()
 6 SYSTEMPATH/Commands/Server/rewrite.php(47): require_once('/Users/devcycle-andrew/Documents/GitHub/example-php-codeigniter/public/index.php')
CRITICAL - 2024-02-03 00:22:22 --> ErrorException: Undefined array key "DEVCYCLE_SERVER_SDK_KEY"
in APPPATH/Controllers/Home.php on line 20.
 1 APPPATH/Controllers/Home.php(20): CodeIgniter\Debug\Exceptions->errorHandler(2, 'Undefined array key "DEVCYCLE_SERVER_SDK_KEY"', '/Users/devcycle-andrew/Documents/GitHub/example-php-codeigniter/app/Controllers/Home.php', 20)
 2 SYSTEMPATH/CodeIgniter.php(941): App\Controllers\Home->index()
 3 SYSTEMPATH/CodeIgniter.php(502): CodeIgniter\CodeIgniter->runController(Object(App\Controllers\Home))
 4 SYSTEMPATH/CodeIgniter.php(361): CodeIgniter\CodeIgniter->handleRequest(null, Object(Config\Cache), false)
 5 FCPATH/index.php(79): CodeIgniter\CodeIgniter->run()
 6 SYSTEMPATH/Commands/Server/rewrite.php(47): require_once('/Users/devcycle-andrew/Documents/GitHub/example-php-codeigniter/public/index.php')
CRITICAL - 2024-02-03 00:22:23 --> ErrorException: Undefined array key "DEVCYCLE_SERVER_SDK_KEY"
in APPPATH/Controllers/Home.php on line 20.
 1 APPPATH/Controllers/Home.php(20): CodeIgniter\Debug\Exceptions->errorHandler(2, 'Undefined array key "DEVCYCLE_SERVER_SDK_KEY"', '/Users/devcycle-andrew/Documents/GitHub/example-php-codeigniter/app/Controllers/Home.php', 20)
 2 SYSTEMPATH/CodeIgniter.php(941): App\Controllers\Home->index()
 3 SYSTEMPATH/CodeIgniter.php(502): CodeIgniter\CodeIgniter->runController(Object(App\Controllers\Home))
 4 SYSTEMPATH/CodeIgniter.php(361): CodeIgniter\CodeIgniter->handleRequest(null, Object(Config\Cache), false)
 5 FCPATH/index.php(79): CodeIgniter\CodeIgniter->run()
 6 SYSTEMPATH/Commands/Server/rewrite.php(47): require_once('/Users/devcycle-andrew/Documents/GitHub/example-php-codeigniter/public/index.php')
CRITICAL - 2024-02-03 00:23:01 --> ErrorException: Undefined array key "DEVCYCLE_SERVER_SDK_KEY"
in APPPATH/Controllers/Home.php on line 20.
 1 APPPATH/Controllers/Home.php(20): CodeIgniter\Debug\Exceptions->errorHandler(2, 'Undefined array key "DEVCYCLE_SERVER_SDK_KEY"', '/Users/devcycle-andrew/Documents/GitHub/example-php-codeigniter/app/Controllers/Home.php', 20)
 2 SYSTEMPATH/CodeIgniter.php(941): App\Controllers\Home->index()
 3 SYSTEMPATH/CodeIgniter.php(502): CodeIgniter\CodeIgniter->runController(Object(App\Controllers\Home))
 4 SYSTEMPATH/CodeIgniter.php(361): CodeIgniter\CodeIgniter->handleRequest(null, Object(Config\Cache), false)
 5 FCPATH/index.php(79): CodeIgniter\CodeIgniter->run()
 6 SYSTEMPATH/Commands/Server/rewrite.php(47): require_once('/Users/devcycle-andrew/Documents/GitHub/example-php-codeigniter/public/index.php')
CRITICAL - 2024-02-03 00:23:01 --> ErrorException: Undefined array key "DEVCYCLE_SERVER_SDK_KEY"
in APPPATH/Controllers/Home.php on line 20.
 1 APPPATH/Controllers/Home.php(20): CodeIgniter\Debug\Exceptions->errorHandler(2, 'Undefined array key "DEVCYCLE_SERVER_SDK_KEY"', '/Users/devcycle-andrew/Documents/GitHub/example-php-codeigniter/app/Controllers/Home.php', 20)
 2 SYSTEMPATH/CodeIgniter.php(941): App\Controllers\Home->index()
 3 SYSTEMPATH/CodeIgniter.php(502): CodeIgniter\CodeIgniter->runController(Object(App\Controllers\Home))
 4 SYSTEMPATH/CodeIgniter.php(361): CodeIgniter\CodeIgniter->handleRequest(null, Object(Config\Cache), false)
 5 FCPATH/index.php(79): CodeIgniter\CodeIgniter->run()
 6 SYSTEMPATH/Commands/Server/rewrite.php(47): require_once('/Users/devcycle-andrew/Documents/GitHub/example-php-codeigniter/public/index.php')
CRITICAL - 2024-02-03 00:23:01 --> ErrorException: Undefined array key "DEVCYCLE_SERVER_SDK_KEY"
in APPPATH/Controllers/Home.php on line 20.
 1 APPPATH/Controllers/Home.php(20): CodeIgniter\Debug\Exceptions->errorHandler(2, 'Undefined array key "DEVCYCLE_SERVER_SDK_KEY"', '/Users/devcycle-andrew/Documents/GitHub/example-php-codeigniter/app/Controllers/Home.php', 20)
 2 SYSTEMPATH/CodeIgniter.php(941): App\Controllers\Home->index()
 3 SYSTEMPATH/CodeIgniter.php(502): CodeIgniter\CodeIgniter->runController(Object(App\Controllers\Home))
 4 SYSTEMPATH/CodeIgniter.php(361): CodeIgniter\CodeIgniter->handleRequest(null, Object(Config\Cache), false)
 5 FCPATH/index.php(79): CodeIgniter\CodeIgniter->run()
 6 SYSTEMPATH/Commands/Server/rewrite.php(47): require_once('/Users/devcycle-andrew/Documents/GitHub/example-php-codeigniter/public/index.php')
CRITICAL - 2024-02-03 00:23:02 --> ErrorException: Undefined array key "DEVCYCLE_SERVER_SDK_KEY"
in APPPATH/Controllers/Home.php on line 20.
 1 APPPATH/Controllers/Home.php(20): CodeIgniter\Debug\Exceptions->errorHandler(2, 'Undefined array key "DEVCYCLE_SERVER_SDK_KEY"', '/Users/devcycle-andrew/Documents/GitHub/example-php-codeigniter/app/Controllers/Home.php', 20)
 2 SYSTEMPATH/CodeIgniter.php(941): App\Controllers\Home->index()
 3 SYSTEMPATH/CodeIgniter.php(502): CodeIgniter\CodeIgniter->runController(Object(App\Controllers\Home))
 4 SYSTEMPATH/CodeIgniter.php(361): CodeIgniter\CodeIgniter->handleRequest(null, Object(Config\Cache), false)
 5 FCPATH/index.php(79): CodeIgniter\CodeIgniter->run()
 6 SYSTEMPATH/Commands/Server/rewrite.php(47): require_once('/Users/devcycle-andrew/Documents/GitHub/example-php-codeigniter/public/index.php')
CRITICAL - 2024-02-03 00:23:02 --> ErrorException: Undefined array key "DEVCYCLE_SERVER_SDK_KEY"
in APPPATH/Controllers/Home.php on line 20.
 1 APPPATH/Controllers/Home.php(20): CodeIgniter\Debug\Exceptions->errorHandler(2, 'Undefined array key "DEVCYCLE_SERVER_SDK_KEY"', '/Users/devcycle-andrew/Documents/GitHub/example-php-codeigniter/app/Controllers/Home.php', 20)
 2 SYSTEMPATH/CodeIgniter.php(941): App\Controllers\Home->index()
 3 SYSTEMPATH/CodeIgniter.php(502): CodeIgniter\CodeIgniter->runController(Object(App\Controllers\Home))
 4 SYSTEMPATH/CodeIgniter.php(361): CodeIgniter\CodeIgniter->handleRequest(null, Object(Config\Cache), false)
 5 FCPATH/index.php(79): CodeIgniter\CodeIgniter->run()
 6 SYSTEMPATH/Commands/Server/rewrite.php(47): require_once('/Users/devcycle-andrew/Documents/GitHub/example-php-codeigniter/public/index.php')
CRITICAL - 2024-02-03 00:23:02 --> ErrorException: Undefined array key "DEVCYCLE_SERVER_SDK_KEY"
in APPPATH/Controllers/Home.php on line 20.
 1 APPPATH/Controllers/Home.php(20): CodeIgniter\Debug\Exceptions->errorHandler(2, 'Undefined array key "DEVCYCLE_SERVER_SDK_KEY"', '/Users/devcycle-andrew/Documents/GitHub/example-php-codeigniter/app/Controllers/Home.php', 20)
 2 SYSTEMPATH/CodeIgniter.php(941): App\Controllers\Home->index()
 3 SYSTEMPATH/CodeIgniter.php(502): CodeIgniter\CodeIgniter->runController(Object(App\Controllers\Home))
 4 SYSTEMPATH/CodeIgniter.php(361): CodeIgniter\CodeIgniter->handleRequest(null, Object(Config\Cache), false)
 5 FCPATH/index.php(79): CodeIgniter\CodeIgniter->run()
 6 SYSTEMPATH/Commands/Server/rewrite.php(47): require_once('/Users/devcycle-andrew/Documents/GitHub/example-php-codeigniter/public/index.php')
CRITICAL - 2024-02-03 00:23:20 --> ErrorException: Undefined array key "DEVCYCLE_SERVER_SDK_KEY"
in APPPATH/Controllers/Home.php on line 20.
 1 APPPATH/Controllers/Home.php(20): CodeIgniter\Debug\Exceptions->errorHandler(2, 'Undefined array key "DEVCYCLE_SERVER_SDK_KEY"', '/Users/devcycle-andrew/Documents/GitHub/example-php-codeigniter/app/Controllers/Home.php', 20)
 2 SYSTEMPATH/CodeIgniter.php(941): App\Controllers\Home->index()
 3 SYSTEMPATH/CodeIgniter.php(502): CodeIgniter\CodeIgniter->runController(Object(App\Controllers\Home))
 4 SYSTEMPATH/CodeIgniter.php(361): CodeIgniter\CodeIgniter->handleRequest(null, Object(Config\Cache), false)
 5 FCPATH/index.php(79): CodeIgniter\CodeIgniter->run()
 6 SYSTEMPATH/Commands/Server/rewrite.php(47): require_once('/Users/devcycle-andrew/Documents/GitHub/example-php-codeigniter/public/index.php')
CRITICAL - 2024-02-03 00:23:21 --> ErrorException: Undefined array key "DEVCYCLE_SERVER_SDK_KEY"
in APPPATH/Controllers/Home.php on line 20.
 1 APPPATH/Controllers/Home.php(20): CodeIgniter\Debug\Exceptions->errorHandler(2, 'Undefined array key "DEVCYCLE_SERVER_SDK_KEY"', '/Users/devcycle-andrew/Documents/GitHub/example-php-codeigniter/app/Controllers/Home.php', 20)
 2 SYSTEMPATH/CodeIgniter.php(941): App\Controllers\Home->index()
 3 SYSTEMPATH/CodeIgniter.php(502): CodeIgniter\CodeIgniter->runController(Object(App\Controllers\Home))
 4 SYSTEMPATH/CodeIgniter.php(361): CodeIgniter\CodeIgniter->handleRequest(null, Object(Config\Cache), false)
 5 FCPATH/index.php(79): CodeIgniter\CodeIgniter->run()
 6 SYSTEMPATH/Commands/Server/rewrite.php(47): require_once('/Users/devcycle-andrew/Documents/GitHub/example-php-codeigniter/public/index.php')
CRITICAL - 2024-02-03 00:23:21 --> ErrorException: Undefined array key "DEVCYCLE_SERVER_SDK_KEY"
in APPPATH/Controllers/Home.php on line 20.
 1 APPPATH/Controllers/Home.php(20): CodeIgniter\Debug\Exceptions->errorHandler(2, 'Undefined array key "DEVCYCLE_SERVER_SDK_KEY"', '/Users/devcycle-andrew/Documents/GitHub/example-php-codeigniter/app/Controllers/Home.php', 20)
 2 SYSTEMPATH/CodeIgniter.php(941): App\Controllers\Home->index()
 3 SYSTEMPATH/CodeIgniter.php(502): CodeIgniter\CodeIgniter->runController(Object(App\Controllers\Home))
 4 SYSTEMPATH/CodeIgniter.php(361): CodeIgniter\CodeIgniter->handleRequest(null, Object(Config\Cache), false)
 5 FCPATH/index.php(79): CodeIgniter\CodeIgniter->run()
 6 SYSTEMPATH/Commands/Server/rewrite.php(47): require_once('/Users/devcycle-andrew/Documents/GitHub/example-php-codeigniter/public/index.php')
CRITICAL - 2024-02-03 00:23:21 --> ErrorException: Undefined array key "DEVCYCLE_SERVER_SDK_KEY"
in APPPATH/Controllers/Home.php on line 20.
 1 APPPATH/Controllers/Home.php(20): CodeIgniter\Debug\Exceptions->errorHandler(2, 'Undefined array key "DEVCYCLE_SERVER_SDK_KEY"', '/Users/devcycle-andrew/Documents/GitHub/example-php-codeigniter/app/Controllers/Home.php', 20)
 2 SYSTEMPATH/CodeIgniter.php(941): App\Controllers\Home->index()
 3 SYSTEMPATH/CodeIgniter.php(502): CodeIgniter\CodeIgniter->runController(Object(App\Controllers\Home))
 4 SYSTEMPATH/CodeIgniter.php(361): CodeIgniter\CodeIgniter->handleRequest(null, Object(Config\Cache), false)
 5 FCPATH/index.php(79): CodeIgniter\CodeIgniter->run()
 6 SYSTEMPATH/Commands/Server/rewrite.php(47): require_once('/Users/devcycle-andrew/Documents/GitHub/example-php-codeigniter/public/index.php')
CRITICAL - 2024-02-03 00:23:21 --> ErrorException: Undefined array key "DEVCYCLE_SERVER_SDK_KEY"
in APPPATH/Controllers/Home.php on line 20.
 1 APPPATH/Controllers/Home.php(20): CodeIgniter\Debug\Exceptions->errorHandler(2, 'Undefined array key "DEVCYCLE_SERVER_SDK_KEY"', '/Users/devcycle-andrew/Documents/GitHub/example-php-codeigniter/app/Controllers/Home.php', 20)
 2 SYSTEMPATH/CodeIgniter.php(941): App\Controllers\Home->index()
 3 SYSTEMPATH/CodeIgniter.php(502): CodeIgniter\CodeIgniter->runController(Object(App\Controllers\Home))
 4 SYSTEMPATH/CodeIgniter.php(361): CodeIgniter\CodeIgniter->handleRequest(null, Object(Config\Cache), false)
 5 FCPATH/index.php(79): CodeIgniter\CodeIgniter->run()
 6 SYSTEMPATH/Commands/Server/rewrite.php(47): require_once('/Users/devcycle-andrew/Documents/GitHub/example-php-codeigniter/public/index.php')
CRITICAL - 2024-02-03 00:23:22 --> ErrorException: Undefined array key "DEVCYCLE_SERVER_SDK_KEY"
in APPPATH/Controllers/Home.php on line 20.
 1 APPPATH/Controllers/Home.php(20): CodeIgniter\Debug\Exceptions->errorHandler(2, 'Undefined array key "DEVCYCLE_SERVER_SDK_KEY"', '/Users/devcycle-andrew/Documents/GitHub/example-php-codeigniter/app/Controllers/Home.php', 20)
 2 SYSTEMPATH/CodeIgniter.php(941): App\Controllers\Home->index()
 3 SYSTEMPATH/CodeIgniter.php(502): CodeIgniter\CodeIgniter->runController(Object(App\Controllers\Home))
 4 SYSTEMPATH/CodeIgniter.php(361): CodeIgniter\CodeIgniter->handleRequest(null, Object(Config\Cache), false)
 5 FCPATH/index.php(79): CodeIgniter\CodeIgniter->run()
 6 SYSTEMPATH/Commands/Server/rewrite.php(47): require_once('/Users/devcycle-andrew/Documents/GitHub/example-php-codeigniter/public/index.php')
CRITICAL - 2024-02-03 00:23:29 --> ErrorException: Undefined array key "DEVCYCLE_SERVER_SDK_KEY"
in APPPATH/Controllers/Home.php on line 20.
 1 APPPATH/Controllers/Home.php(20): CodeIgniter\Debug\Exceptions->errorHandler(2, 'Undefined array key "DEVCYCLE_SERVER_SDK_KEY"', '/Users/devcycle-andrew/Documents/GitHub/example-php-codeigniter/app/Controllers/Home.php', 20)
 2 SYSTEMPATH/CodeIgniter.php(941): App\Controllers\Home->index()
 3 SYSTEMPATH/CodeIgniter.php(502): CodeIgniter\CodeIgniter->runController(Object(App\Controllers\Home))
 4 SYSTEMPATH/CodeIgniter.php(361): CodeIgniter\CodeIgniter->handleRequest(null, Object(Config\Cache), false)
 5 FCPATH/index.php(79): CodeIgniter\CodeIgniter->run()
 6 SYSTEMPATH/Commands/Server/rewrite.php(47): require_once('/Users/devcycle-andrew/Documents/GitHub/example-php-codeigniter/public/index.php')
CRITICAL - 2024-02-03 00:25:04 --> ErrorException: Undefined variable $user_data
in APPPATH/Views/togglebot.php on line 2.
 1 APPPATH/Views/togglebot.php(2): CodeIgniter\Debug\Exceptions->errorHandler(2, 'Undefined variable $user_data', '/Users/devcycle-andrew/Documents/GitHub/example-php-codeigniter/app/Views/togglebot.php', 2)
 2 APPPATH/Views/index.php(23): include('/Users/devcycle-andrew/Documents/GitHub/example-php-codeigniter/app/Views/togglebot.php')
 3 SYSTEMPATH/View/View.php(228): include('/Users/devcycle-andrew/Documents/GitHub/example-php-codeigniter/app/Views/index.php')
 4 SYSTEMPATH/View/View.php(231): CodeIgniter\View\View->CodeIgniter\View\{closure}()
 5 SYSTEMPATH/Common.php(1178): CodeIgniter\View\View->render('index', [], true)
 6 APPPATH/Controllers/Home.php(32): view('index', [...])
 7 SYSTEMPATH/CodeIgniter.php(941): App\Controllers\Home->index()
 8 SYSTEMPATH/CodeIgniter.php(502): CodeIgniter\CodeIgniter->runController(Object(App\Controllers\Home))
 9 SYSTEMPATH/CodeIgniter.php(361): CodeIgniter\CodeIgniter->handleRequest(null, Object(Config\Cache), false)
10 FCPATH/index.php(79): CodeIgniter\CodeIgniter->run()
11 SYSTEMPATH/Commands/Server/rewrite.php(47): require_once('/Users/devcycle-andrew/Documents/GitHub/example-php-codeigniter/public/index.php')
CRITICAL - 2024-02-03 00:25:05 --> ErrorException: Undefined variable $user_data
in APPPATH/Views/togglebot.php on line 2.
 1 APPPATH/Views/togglebot.php(2): CodeIgniter\Debug\Exceptions->errorHandler(2, 'Undefined variable $user_data', '/Users/devcycle-andrew/Documents/GitHub/example-php-codeigniter/app/Views/togglebot.php', 2)
 2 APPPATH/Views/index.php(23): include('/Users/devcycle-andrew/Documents/GitHub/example-php-codeigniter/app/Views/togglebot.php')
 3 SYSTEMPATH/View/View.php(228): include('/Users/devcycle-andrew/Documents/GitHub/example-php-codeigniter/app/Views/index.php')
 4 SYSTEMPATH/View/View.php(231): CodeIgniter\View\View->CodeIgniter\View\{closure}()
 5 SYSTEMPATH/Common.php(1178): CodeIgniter\View\View->render('index', [], true)
 6 APPPATH/Controllers/Home.php(32): view('index', [...])
 7 SYSTEMPATH/CodeIgniter.php(941): App\Controllers\Home->index()
 8 SYSTEMPATH/CodeIgniter.php(502): CodeIgniter\CodeIgniter->runController(Object(App\Controllers\Home))
 9 SYSTEMPATH/CodeIgniter.php(361): CodeIgniter\CodeIgniter->handleRequest(null, Object(Config\Cache), false)
10 FCPATH/index.php(79): CodeIgniter\CodeIgniter->run()
11 SYSTEMPATH/Commands/Server/rewrite.php(47): require_once('/Users/devcycle-andrew/Documents/GitHub/example-php-codeigniter/public/index.php')
CRITICAL - 2024-02-03 00:25:05 --> ErrorException: Undefined variable $user_data
in APPPATH/Views/togglebot.php on line 2.
 1 APPPATH/Views/togglebot.php(2): CodeIgniter\Debug\Exceptions->errorHandler(2, 'Undefined variable $user_data', '/Users/devcycle-andrew/Documents/GitHub/example-php-codeigniter/app/Views/togglebot.php', 2)
 2 APPPATH/Views/index.php(23): include('/Users/devcycle-andrew/Documents/GitHub/example-php-codeigniter/app/Views/togglebot.php')
 3 SYSTEMPATH/View/View.php(228): include('/Users/devcycle-andrew/Documents/GitHub/example-php-codeigniter/app/Views/index.php')
 4 SYSTEMPATH/View/View.php(231): CodeIgniter\View\View->CodeIgniter\View\{closure}()
 5 SYSTEMPATH/Common.php(1178): CodeIgniter\View\View->render('index', [], true)
 6 APPPATH/Controllers/Home.php(32): view('index', [...])
 7 SYSTEMPATH/CodeIgniter.php(941): App\Controllers\Home->index()
 8 SYSTEMPATH/CodeIgniter.php(502): CodeIgniter\CodeIgniter->runController(Object(App\Controllers\Home))
 9 SYSTEMPATH/CodeIgniter.php(361): CodeIgniter\CodeIgniter->handleRequest(null, Object(Config\Cache), false)
10 FCPATH/index.php(79): CodeIgniter\CodeIgniter->run()
11 SYSTEMPATH/Commands/Server/rewrite.php(47): require_once('/Users/devcycle-andrew/Documents/GitHub/example-php-codeigniter/public/index.php')
CRITICAL - 2024-02-03 00:25:05 --> ErrorException: Undefined variable $user_data
in APPPATH/Views/togglebot.php on line 2.
 1 APPPATH/Views/togglebot.php(2): CodeIgniter\Debug\Exceptions->errorHandler(2, 'Undefined variable $user_data', '/Users/devcycle-andrew/Documents/GitHub/example-php-codeigniter/app/Views/togglebot.php', 2)
 2 APPPATH/Views/index.php(23): include('/Users/devcycle-andrew/Documents/GitHub/example-php-codeigniter/app/Views/togglebot.php')
 3 SYSTEMPATH/View/View.php(228): include('/Users/devcycle-andrew/Documents/GitHub/example-php-codeigniter/app/Views/index.php')
 4 SYSTEMPATH/View/View.php(231): CodeIgniter\View\View->CodeIgniter\View\{closure}()
 5 SYSTEMPATH/Common.php(1178): CodeIgniter\View\View->render('index', [], true)
 6 APPPATH/Controllers/Home.php(32): view('index', [...])
 7 SYSTEMPATH/CodeIgniter.php(941): App\Controllers\Home->index()
 8 SYSTEMPATH/CodeIgniter.php(502): CodeIgniter\CodeIgniter->runController(Object(App\Controllers\Home))
 9 SYSTEMPATH/CodeIgniter.php(361): CodeIgniter\CodeIgniter->handleRequest(null, Object(Config\Cache), false)
10 FCPATH/index.php(79): CodeIgniter\CodeIgniter->run()
11 SYSTEMPATH/Commands/Server/rewrite.php(47): require_once('/Users/devcycle-andrew/Documents/GitHub/example-php-codeigniter/public/index.php')
CRITICAL - 2024-02-03 00:25:05 --> ErrorException: Undefined variable $user_data
in APPPATH/Views/togglebot.php on line 2.
 1 APPPATH/Views/togglebot.php(2): CodeIgniter\Debug\Exceptions->errorHandler(2, 'Undefined variable $user_data', '/Users/devcycle-andrew/Documents/GitHub/example-php-codeigniter/app/Views/togglebot.php', 2)
 2 APPPATH/Views/index.php(23): include('/Users/devcycle-andrew/Documents/GitHub/example-php-codeigniter/app/Views/togglebot.php')
 3 SYSTEMPATH/View/View.php(228): include('/Users/devcycle-andrew/Documents/GitHub/example-php-codeigniter/app/Views/index.php')
 4 SYSTEMPATH/View/View.php(231): CodeIgniter\View\View->CodeIgniter\View\{closure}()
 5 SYSTEMPATH/Common.php(1178): CodeIgniter\View\View->render('index', [], true)
 6 APPPATH/Controllers/Home.php(32): view('index', [...])
 7 SYSTEMPATH/CodeIgniter.php(941): App\Controllers\Home->index()
 8 SYSTEMPATH/CodeIgniter.php(502): CodeIgniter\CodeIgniter->runController(Object(App\Controllers\Home))
 9 SYSTEMPATH/CodeIgniter.php(361): CodeIgniter\CodeIgniter->handleRequest(null, Object(Config\Cache), false)
10 FCPATH/index.php(79): CodeIgniter\CodeIgniter->run()
11 SYSTEMPATH/Commands/Server/rewrite.php(47): require_once('/Users/devcycle-andrew/Documents/GitHub/example-php-codeigniter/public/index.php')
CRITICAL - 2024-02-03 00:25:59 --> Error: Call to a member function allFeatures() on string
in APPPATH/Views/togglebot.php on line 2.
 1 APPPATH/Views/index.php(23): include()
 2 SYSTEMPATH/View/View.php(228): include('/Users/devcycle-andrew/Documents/GitHub/example-php-codeigniter/app/Views/index.php')
 3 SYSTEMPATH/View/View.php(231): CodeIgniter\View\View->CodeIgniter\View\{closure}()
 4 SYSTEMPATH/Common.php(1178): CodeIgniter\View\View->render('index', [], true)
 5 APPPATH/Controllers/Home.php(32): view('index', [...])
 6 SYSTEMPATH/CodeIgniter.php(941): App\Controllers\Home->index()
 7 SYSTEMPATH/CodeIgniter.php(502): CodeIgniter\CodeIgniter->runController(Object(App\Controllers\Home))
 8 SYSTEMPATH/CodeIgniter.php(361): CodeIgniter\CodeIgniter->handleRequest(null, Object(Config\Cache), false)
 9 FCPATH/index.php(79): CodeIgniter\CodeIgniter->run()
10 SYSTEMPATH/Commands/Server/rewrite.php(47): require_once('/Users/devcycle-andrew/Documents/GitHub/example-php-codeigniter/public/index.php')
CRITICAL - 2024-02-03 00:26:00 --> Error: Call to a member function allFeatures() on string
in APPPATH/Views/togglebot.php on line 2.
 1 APPPATH/Views/index.php(23): include()
 2 SYSTEMPATH/View/View.php(228): include('/Users/devcycle-andrew/Documents/GitHub/example-php-codeigniter/app/Views/index.php')
 3 SYSTEMPATH/View/View.php(231): CodeIgniter\View\View->CodeIgniter\View\{closure}()
 4 SYSTEMPATH/Common.php(1178): CodeIgniter\View\View->render('index', [], true)
 5 APPPATH/Controllers/Home.php(32): view('index', [...])
 6 SYSTEMPATH/CodeIgniter.php(941): App\Controllers\Home->index()
 7 SYSTEMPATH/CodeIgniter.php(502): CodeIgniter\CodeIgniter->runController(Object(App\Controllers\Home))
 8 SYSTEMPATH/CodeIgniter.php(361): CodeIgniter\CodeIgniter->handleRequest(null, Object(Config\Cache), false)
 9 FCPATH/index.php(79): CodeIgniter\CodeIgniter->run()
10 SYSTEMPATH/Commands/Server/rewrite.php(47): require_once('/Users/devcycle-andrew/Documents/GitHub/example-php-codeigniter/public/index.php')
CRITICAL - 2024-02-03 00:26:00 --> Error: Call to a member function allFeatures() on string
in APPPATH/Views/togglebot.php on line 2.
 1 APPPATH/Views/index.php(23): include()
 2 SYSTEMPATH/View/View.php(228): include('/Users/devcycle-andrew/Documents/GitHub/example-php-codeigniter/app/Views/index.php')
 3 SYSTEMPATH/View/View.php(231): CodeIgniter\View\View->CodeIgniter\View\{closure}()
 4 SYSTEMPATH/Common.php(1178): CodeIgniter\View\View->render('index', [], true)
 5 APPPATH/Controllers/Home.php(32): view('index', [...])
 6 SYSTEMPATH/CodeIgniter.php(941): App\Controllers\Home->index()
 7 SYSTEMPATH/CodeIgniter.php(502): CodeIgniter\CodeIgniter->runController(Object(App\Controllers\Home))
 8 SYSTEMPATH/CodeIgniter.php(361): CodeIgniter\CodeIgniter->handleRequest(null, Object(Config\Cache), false)
 9 FCPATH/index.php(79): CodeIgniter\CodeIgniter->run()
10 SYSTEMPATH/Commands/Server/rewrite.php(47): require_once('/Users/devcycle-andrew/Documents/GitHub/example-php-codeigniter/public/index.php')
CRITICAL - 2024-02-03 00:26:00 --> Error: Call to a member function allFeatures() on string
in APPPATH/Views/togglebot.php on line 2.
 1 APPPATH/Views/index.php(23): include()
 2 SYSTEMPATH/View/View.php(228): include('/Users/devcycle-andrew/Documents/GitHub/example-php-codeigniter/app/Views/index.php')
 3 SYSTEMPATH/View/View.php(231): CodeIgniter\View\View->CodeIgniter\View\{closure}()
 4 SYSTEMPATH/Common.php(1178): CodeIgniter\View\View->render('index', [], true)
 5 APPPATH/Controllers/Home.php(32): view('index', [...])
 6 SYSTEMPATH/CodeIgniter.php(941): App\Controllers\Home->index()
 7 SYSTEMPATH/CodeIgniter.php(502): CodeIgniter\CodeIgniter->runController(Object(App\Controllers\Home))
 8 SYSTEMPATH/CodeIgniter.php(361): CodeIgniter\CodeIgniter->handleRequest(null, Object(Config\Cache), false)
 9 FCPATH/index.php(79): CodeIgniter\CodeIgniter->run()
10 SYSTEMPATH/Commands/Server/rewrite.php(47): require_once('/Users/devcycle-andrew/Documents/GitHub/example-php-codeigniter/public/index.php')
CRITICAL - 2024-02-03 00:26:00 --> Error: Call to a member function allFeatures() on string
in APPPATH/Views/togglebot.php on line 2.
 1 APPPATH/Views/index.php(23): include()
 2 SYSTEMPATH/View/View.php(228): include('/Users/devcycle-andrew/Documents/GitHub/example-php-codeigniter/app/Views/index.php')
 3 SYSTEMPATH/View/View.php(231): CodeIgniter\View\View->CodeIgniter\View\{closure}()
 4 SYSTEMPATH/Common.php(1178): CodeIgniter\View\View->render('index', [], true)
 5 APPPATH/Controllers/Home.php(32): view('index', [...])
 6 SYSTEMPATH/CodeIgniter.php(941): App\Controllers\Home->index()
 7 SYSTEMPATH/CodeIgniter.php(502): CodeIgniter\CodeIgniter->runController(Object(App\Controllers\Home))
 8 SYSTEMPATH/CodeIgniter.php(361): CodeIgniter\CodeIgniter->handleRequest(null, Object(Config\Cache), false)
 9 FCPATH/index.php(79): CodeIgniter\CodeIgniter->run()
10 SYSTEMPATH/Commands/Server/rewrite.php(47): require_once('/Users/devcycle-andrew/Documents/GitHub/example-php-codeigniter/public/index.php')
CRITICAL - 2024-02-03 00:26:08 --> ErrorException: Undefined variable $devcycle_client
in APPPATH/Views/togglebot.php on line 2.
 1 APPPATH/Views/togglebot.php(2): CodeIgniter\Debug\Exceptions->errorHandler(2, 'Undefined variable $devcycle_client', '/Users/devcycle-andrew/Documents/GitHub/example-php-codeigniter/app/Views/togglebot.php', 2)
 2 APPPATH/Views/index.php(23): include('/Users/devcycle-andrew/Documents/GitHub/example-php-codeigniter/app/Views/togglebot.php')
 3 SYSTEMPATH/View/View.php(228): include('/Users/devcycle-andrew/Documents/GitHub/example-php-codeigniter/app/Views/index.php')
 4 SYSTEMPATH/View/View.php(231): CodeIgniter\View\View->CodeIgniter\View\{closure}()
 5 SYSTEMPATH/Common.php(1178): CodeIgniter\View\View->render('index', [], true)
 6 APPPATH/Controllers/Home.php(32): view('index')
 7 SYSTEMPATH/CodeIgniter.php(941): App\Controllers\Home->index()
 8 SYSTEMPATH/CodeIgniter.php(502): CodeIgniter\CodeIgniter->runController(Object(App\Controllers\Home))
 9 SYSTEMPATH/CodeIgniter.php(361): CodeIgniter\CodeIgniter->handleRequest(null, Object(Config\Cache), false)
10 FCPATH/index.php(79): CodeIgniter\CodeIgniter->run()
11 SYSTEMPATH/Commands/Server/rewrite.php(47): require_once('/Users/devcycle-andrew/Documents/GitHub/example-php-codeigniter/public/index.php')
CRITICAL - 2024-02-03 00:26:08 --> ErrorException: Undefined variable $devcycle_client
in APPPATH/Views/togglebot.php on line 2.
 1 APPPATH/Views/togglebot.php(2): CodeIgniter\Debug\Exceptions->errorHandler(2, 'Undefined variable $devcycle_client', '/Users/devcycle-andrew/Documents/GitHub/example-php-codeigniter/app/Views/togglebot.php', 2)
 2 APPPATH/Views/index.php(23): include('/Users/devcycle-andrew/Documents/GitHub/example-php-codeigniter/app/Views/togglebot.php')
 3 SYSTEMPATH/View/View.php(228): include('/Users/devcycle-andrew/Documents/GitHub/example-php-codeigniter/app/Views/index.php')
 4 SYSTEMPATH/View/View.php(231): CodeIgniter\View\View->CodeIgniter\View\{closure}()
 5 SYSTEMPATH/Common.php(1178): CodeIgniter\View\View->render('index', [], true)
 6 APPPATH/Controllers/Home.php(32): view('index')
 7 SYSTEMPATH/CodeIgniter.php(941): App\Controllers\Home->index()
 8 SYSTEMPATH/CodeIgniter.php(502): CodeIgniter\CodeIgniter->runController(Object(App\Controllers\Home))
 9 SYSTEMPATH/CodeIgniter.php(361): CodeIgniter\CodeIgniter->handleRequest(null, Object(Config\Cache), false)
10 FCPATH/index.php(79): CodeIgniter\CodeIgniter->run()
11 SYSTEMPATH/Commands/Server/rewrite.php(47): require_once('/Users/devcycle-andrew/Documents/GitHub/example-php-codeigniter/public/index.php')
CRITICAL - 2024-02-03 00:26:08 --> ErrorException: Undefined variable $devcycle_client
in APPPATH/Views/togglebot.php on line 2.
 1 APPPATH/Views/togglebot.php(2): CodeIgniter\Debug\Exceptions->errorHandler(2, 'Undefined variable $devcycle_client', '/Users/devcycle-andrew/Documents/GitHub/example-php-codeigniter/app/Views/togglebot.php', 2)
 2 APPPATH/Views/index.php(23): include('/Users/devcycle-andrew/Documents/GitHub/example-php-codeigniter/app/Views/togglebot.php')
 3 SYSTEMPATH/View/View.php(228): include('/Users/devcycle-andrew/Documents/GitHub/example-php-codeigniter/app/Views/index.php')
 4 SYSTEMPATH/View/View.php(231): CodeIgniter\View\View->CodeIgniter\View\{closure}()
 5 SYSTEMPATH/Common.php(1178): CodeIgniter\View\View->render('index', [], true)
 6 APPPATH/Controllers/Home.php(32): view('index')
 7 SYSTEMPATH/CodeIgniter.php(941): App\Controllers\Home->index()
 8 SYSTEMPATH/CodeIgniter.php(502): CodeIgniter\CodeIgniter->runController(Object(App\Controllers\Home))
 9 SYSTEMPATH/CodeIgniter.php(361): CodeIgniter\CodeIgniter->handleRequest(null, Object(Config\Cache), false)
10 FCPATH/index.php(79): CodeIgniter\CodeIgniter->run()
11 SYSTEMPATH/Commands/Server/rewrite.php(47): require_once('/Users/devcycle-andrew/Documents/GitHub/example-php-codeigniter/public/index.php')
CRITICAL - 2024-02-03 00:26:09 --> ErrorException: Undefined variable $devcycle_client
in APPPATH/Views/togglebot.php on line 2.
 1 APPPATH/Views/togglebot.php(2): CodeIgniter\Debug\Exceptions->errorHandler(2, 'Undefined variable $devcycle_client', '/Users/devcycle-andrew/Documents/GitHub/example-php-codeigniter/app/Views/togglebot.php', 2)
 2 APPPATH/Views/index.php(23): include('/Users/devcycle-andrew/Documents/GitHub/example-php-codeigniter/app/Views/togglebot.php')
 3 SYSTEMPATH/View/View.php(228): include('/Users/devcycle-andrew/Documents/GitHub/example-php-codeigniter/app/Views/index.php')
 4 SYSTEMPATH/View/View.php(231): CodeIgniter\View\View->CodeIgniter\View\{closure}()
 5 SYSTEMPATH/Common.php(1178): CodeIgniter\View\View->render('index', [], true)
 6 APPPATH/Controllers/Home.php(32): view('index')
 7 SYSTEMPATH/CodeIgniter.php(941): App\Controllers\Home->index()
 8 SYSTEMPATH/CodeIgniter.php(502): CodeIgniter\CodeIgniter->runController(Object(App\Controllers\Home))
 9 SYSTEMPATH/CodeIgniter.php(361): CodeIgniter\CodeIgniter->handleRequest(null, Object(Config\Cache), false)
10 FCPATH/index.php(79): CodeIgniter\CodeIgniter->run()
11 SYSTEMPATH/Commands/Server/rewrite.php(47): require_once('/Users/devcycle-andrew/Documents/GitHub/example-php-codeigniter/public/index.php')
CRITICAL - 2024-02-03 00:26:09 --> ErrorException: Undefined variable $devcycle_client
in APPPATH/Views/togglebot.php on line 2.
 1 APPPATH/Views/togglebot.php(2): CodeIgniter\Debug\Exceptions->errorHandler(2, 'Undefined variable $devcycle_client', '/Users/devcycle-andrew/Documents/GitHub/example-php-codeigniter/app/Views/togglebot.php', 2)
 2 APPPATH/Views/index.php(23): include('/Users/devcycle-andrew/Documents/GitHub/example-php-codeigniter/app/Views/togglebot.php')
 3 SYSTEMPATH/View/View.php(228): include('/Users/devcycle-andrew/Documents/GitHub/example-php-codeigniter/app/Views/index.php')
 4 SYSTEMPATH/View/View.php(231): CodeIgniter\View\View->CodeIgniter\View\{closure}()
 5 SYSTEMPATH/Common.php(1178): CodeIgniter\View\View->render('index', [], true)
 6 APPPATH/Controllers/Home.php(32): view('index')
 7 SYSTEMPATH/CodeIgniter.php(941): App\Controllers\Home->index()
 8 SYSTEMPATH/CodeIgniter.php(502): CodeIgniter\CodeIgniter->runController(Object(App\Controllers\Home))
 9 SYSTEMPATH/CodeIgniter.php(361): CodeIgniter\CodeIgniter->handleRequest(null, Object(Config\Cache), false)
10 FCPATH/index.php(79): CodeIgniter\CodeIgniter->run()
11 SYSTEMPATH/Commands/Server/rewrite.php(47): require_once('/Users/devcycle-andrew/Documents/GitHub/example-php-codeigniter/public/index.php')
CRITICAL - 2024-02-03 00:26:53 --> ErrorException: Undefined variable $devcycle_client
in APPPATH/Views/togglebot.php on line 2.
 1 APPPATH/Views/togglebot.php(2): CodeIgniter\Debug\Exceptions->errorHandler(2, 'Undefined variable $devcycle_client', '/Users/devcycle-andrew/Documents/GitHub/example-php-codeigniter/app/Views/togglebot.php', 2)
 2 APPPATH/Views/index.php(23): include('/Users/devcycle-andrew/Documents/GitHub/example-php-codeigniter/app/Views/togglebot.php')
 3 SYSTEMPATH/View/View.php(228): include('/Users/devcycle-andrew/Documents/GitHub/example-php-codeigniter/app/Views/index.php')
 4 SYSTEMPATH/View/View.php(231): CodeIgniter\View\View->CodeIgniter\View\{closure}()
 5 SYSTEMPATH/Common.php(1178): CodeIgniter\View\View->render('index', [], true)
 6 APPPATH/Controllers/Home.php(32): view('index')
 7 SYSTEMPATH/CodeIgniter.php(941): App\Controllers\Home->index()
 8 SYSTEMPATH/CodeIgniter.php(502): CodeIgniter\CodeIgniter->runController(Object(App\Controllers\Home))
 9 SYSTEMPATH/CodeIgniter.php(361): CodeIgniter\CodeIgniter->handleRequest(null, Object(Config\Cache), false)
10 FCPATH/index.php(79): CodeIgniter\CodeIgniter->run()
11 SYSTEMPATH/Commands/Server/rewrite.php(47): require_once('/Users/devcycle-andrew/Documents/GitHub/example-php-codeigniter/public/index.php')
CRITICAL - 2024-02-03 00:26:54 --> ErrorException: Undefined variable $devcycle_client
in APPPATH/Views/togglebot.php on line 2.
 1 APPPATH/Views/togglebot.php(2): CodeIgniter\Debug\Exceptions->errorHandler(2, 'Undefined variable $devcycle_client', '/Users/devcycle-andrew/Documents/GitHub/example-php-codeigniter/app/Views/togglebot.php', 2)
 2 APPPATH/Views/index.php(23): include('/Users/devcycle-andrew/Documents/GitHub/example-php-codeigniter/app/Views/togglebot.php')
 3 SYSTEMPATH/View/View.php(228): include('/Users/devcycle-andrew/Documents/GitHub/example-php-codeigniter/app/Views/index.php')
 4 SYSTEMPATH/View/View.php(231): CodeIgniter\View\View->CodeIgniter\View\{closure}()
 5 SYSTEMPATH/Common.php(1178): CodeIgniter\View\View->render('index', [], true)
 6 APPPATH/Controllers/Home.php(32): view('index')
 7 SYSTEMPATH/CodeIgniter.php(941): App\Controllers\Home->index()
 8 SYSTEMPATH/CodeIgniter.php(502): CodeIgniter\CodeIgniter->runController(Object(App\Controllers\Home))
 9 SYSTEMPATH/CodeIgniter.php(361): CodeIgniter\CodeIgniter->handleRequest(null, Object(Config\Cache), false)
10 FCPATH/index.php(79): CodeIgniter\CodeIgniter->run()
11 SYSTEMPATH/Commands/Server/rewrite.php(47): require_once('/Users/devcycle-andrew/Documents/GitHub/example-php-codeigniter/public/index.php')
CRITICAL - 2024-02-03 00:26:54 --> ErrorException: Undefined variable $devcycle_client
in APPPATH/Views/togglebot.php on line 2.
 1 APPPATH/Views/togglebot.php(2): CodeIgniter\Debug\Exceptions->errorHandler(2, 'Undefined variable $devcycle_client', '/Users/devcycle-andrew/Documents/GitHub/example-php-codeigniter/app/Views/togglebot.php', 2)
 2 APPPATH/Views/index.php(23): include('/Users/devcycle-andrew/Documents/GitHub/example-php-codeigniter/app/Views/togglebot.php')
 3 SYSTEMPATH/View/View.php(228): include('/Users/devcycle-andrew/Documents/GitHub/example-php-codeigniter/app/Views/index.php')
 4 SYSTEMPATH/View/View.php(231): CodeIgniter\View\View->CodeIgniter\View\{closure}()
 5 SYSTEMPATH/Common.php(1178): CodeIgniter\View\View->render('index', [], true)
 6 APPPATH/Controllers/Home.php(32): view('index')
 7 SYSTEMPATH/CodeIgniter.php(941): App\Controllers\Home->index()
 8 SYSTEMPATH/CodeIgniter.php(502): CodeIgniter\CodeIgniter->runController(Object(App\Controllers\Home))
 9 SYSTEMPATH/CodeIgniter.php(361): CodeIgniter\CodeIgniter->handleRequest(null, Object(Config\Cache), false)
10 FCPATH/index.php(79): CodeIgniter\CodeIgniter->run()
11 SYSTEMPATH/Commands/Server/rewrite.php(47): require_once('/Users/devcycle-andrew/Documents/GitHub/example-php-codeigniter/public/index.php')
CRITICAL - 2024-02-03 00:27:04 --> ErrorException: Undefined variable $devcycle_client
in APPPATH/Views/description.php on line 2.
 1 APPPATH/Views/description.php(2): CodeIgniter\Debug\Exceptions->errorHandler(2, 'Undefined variable $devcycle_client', '/Users/devcycle-andrew/Documents/GitHub/example-php-codeigniter/app/Views/description.php', 2)
 2 APPPATH/Views/index.php(24): include('/Users/devcycle-andrew/Documents/GitHub/example-php-codeigniter/app/Views/description.php')
 3 SYSTEMPATH/View/View.php(228): include('/Users/devcycle-andrew/Documents/GitHub/example-php-codeigniter/app/Views/index.php')
 4 SYSTEMPATH/View/View.php(231): CodeIgniter\View\View->CodeIgniter\View\{closure}()
 5 SYSTEMPATH/Common.php(1178): CodeIgniter\View\View->render('index', [], true)
 6 APPPATH/Controllers/Home.php(32): view('index')
 7 SYSTEMPATH/CodeIgniter.php(941): App\Controllers\Home->index()
 8 SYSTEMPATH/CodeIgniter.php(502): CodeIgniter\CodeIgniter->runController(Object(App\Controllers\Home))
 9 SYSTEMPATH/CodeIgniter.php(361): CodeIgniter\CodeIgniter->handleRequest(null, Object(Config\Cache), false)
10 FCPATH/index.php(79): CodeIgniter\CodeIgniter->run()
11 SYSTEMPATH/Commands/Server/rewrite.php(47): require_once('/Users/devcycle-andrew/Documents/GitHub/example-php-codeigniter/public/index.php')
CRITICAL - 2024-02-03 00:27:05 --> ErrorException: Undefined variable $devcycle_client
in APPPATH/Views/description.php on line 2.
 1 APPPATH/Views/description.php(2): CodeIgniter\Debug\Exceptions->errorHandler(2, 'Undefined variable $devcycle_client', '/Users/devcycle-andrew/Documents/GitHub/example-php-codeigniter/app/Views/description.php', 2)
 2 APPPATH/Views/index.php(24): include('/Users/devcycle-andrew/Documents/GitHub/example-php-codeigniter/app/Views/description.php')
 3 SYSTEMPATH/View/View.php(228): include('/Users/devcycle-andrew/Documents/GitHub/example-php-codeigniter/app/Views/index.php')
 4 SYSTEMPATH/View/View.php(231): CodeIgniter\View\View->CodeIgniter\View\{closure}()
 5 SYSTEMPATH/Common.php(1178): CodeIgniter\View\View->render('index', [], true)
 6 APPPATH/Controllers/Home.php(32): view('index')
 7 SYSTEMPATH/CodeIgniter.php(941): App\Controllers\Home->index()
 8 SYSTEMPATH/CodeIgniter.php(502): CodeIgniter\CodeIgniter->runController(Object(App\Controllers\Home))
 9 SYSTEMPATH/CodeIgniter.php(361): CodeIgniter\CodeIgniter->handleRequest(null, Object(Config\Cache), false)
10 FCPATH/index.php(79): CodeIgniter\CodeIgniter->run()
11 SYSTEMPATH/Commands/Server/rewrite.php(47): require_once('/Users/devcycle-andrew/Documents/GitHub/example-php-codeigniter/public/index.php')
CRITICAL - 2024-02-03 00:27:05 --> ErrorException: Undefined variable $devcycle_client
in APPPATH/Views/description.php on line 2.
 1 APPPATH/Views/description.php(2): CodeIgniter\Debug\Exceptions->errorHandler(2, 'Undefined variable $devcycle_client', '/Users/devcycle-andrew/Documents/GitHub/example-php-codeigniter/app/Views/description.php', 2)
 2 APPPATH/Views/index.php(24): include('/Users/devcycle-andrew/Documents/GitHub/example-php-codeigniter/app/Views/description.php')
 3 SYSTEMPATH/View/View.php(228): include('/Users/devcycle-andrew/Documents/GitHub/example-php-codeigniter/app/Views/index.php')
 4 SYSTEMPATH/View/View.php(231): CodeIgniter\View\View->CodeIgniter\View\{closure}()
 5 SYSTEMPATH/Common.php(1178): CodeIgniter\View\View->render('index', [], true)
 6 APPPATH/Controllers/Home.php(32): view('index')
 7 SYSTEMPATH/CodeIgniter.php(941): App\Controllers\Home->index()
 8 SYSTEMPATH/CodeIgniter.php(502): CodeIgniter\CodeIgniter->runController(Object(App\Controllers\Home))
 9 SYSTEMPATH/CodeIgniter.php(361): CodeIgniter\CodeIgniter->handleRequest(null, Object(Config\Cache), false)
10 FCPATH/index.php(79): CodeIgniter\CodeIgniter->run()
11 SYSTEMPATH/Commands/Server/rewrite.php(47): require_once('/Users/devcycle-andrew/Documents/GitHub/example-php-codeigniter/public/index.php')
CRITICAL - 2024-02-03 00:29:00 --> ErrorException: Undefined variable $devcycle_client
in APPPATH/Views/togglebot.php on line 2.
 1 APPPATH/Views/togglebot.php(2): CodeIgniter\Debug\Exceptions->errorHandler(2, 'Undefined variable $devcycle_client', '/Users/devcycle-andrew/Documents/GitHub/example-php-codeigniter/app/Views/togglebot.php', 2)
 2 APPPATH/Views/index.php(23): include('/Users/devcycle-andrew/Documents/GitHub/example-php-codeigniter/app/Views/togglebot.php')
 3 SYSTEMPATH/View/View.php(228): include('/Users/devcycle-andrew/Documents/GitHub/example-php-codeigniter/app/Views/index.php')
 4 SYSTEMPATH/View/View.php(231): CodeIgniter\View\View->CodeIgniter\View\{closure}()
 5 SYSTEMPATH/Common.php(1178): CodeIgniter\View\View->render('index', [], true)
 6 APPPATH/Controllers/Home.php(32): view('index')
 7 SYSTEMPATH/CodeIgniter.php(941): App\Controllers\Home->index()
 8 SYSTEMPATH/CodeIgniter.php(502): CodeIgniter\CodeIgniter->runController(Object(App\Controllers\Home))
 9 SYSTEMPATH/CodeIgniter.php(361): CodeIgniter\CodeIgniter->handleRequest(null, Object(Config\Cache), false)
10 FCPATH/index.php(79): CodeIgniter\CodeIgniter->run()
11 SYSTEMPATH/Commands/Server/rewrite.php(47): require_once('/Users/devcycle-andrew/Documents/GitHub/example-php-codeigniter/public/index.php')
CRITICAL - 2024-02-03 00:29:00 --> ErrorException: Undefined variable $devcycle_client
in APPPATH/Views/togglebot.php on line 2.
 1 APPPATH/Views/togglebot.php(2): CodeIgniter\Debug\Exceptions->errorHandler(2, 'Undefined variable $devcycle_client', '/Users/devcycle-andrew/Documents/GitHub/example-php-codeigniter/app/Views/togglebot.php', 2)
 2 APPPATH/Views/index.php(23): include('/Users/devcycle-andrew/Documents/GitHub/example-php-codeigniter/app/Views/togglebot.php')
 3 SYSTEMPATH/View/View.php(228): include('/Users/devcycle-andrew/Documents/GitHub/example-php-codeigniter/app/Views/index.php')
 4 SYSTEMPATH/View/View.php(231): CodeIgniter\View\View->CodeIgniter\View\{closure}()
 5 SYSTEMPATH/Common.php(1178): CodeIgniter\View\View->render('index', [], true)
 6 APPPATH/Controllers/Home.php(32): view('index')
 7 SYSTEMPATH/CodeIgniter.php(941): App\Controllers\Home->index()
 8 SYSTEMPATH/CodeIgniter.php(502): CodeIgniter\CodeIgniter->runController(Object(App\Controllers\Home))
 9 SYSTEMPATH/CodeIgniter.php(361): CodeIgniter\CodeIgniter->handleRequest(null, Object(Config\Cache), false)
10 FCPATH/index.php(79): CodeIgniter\CodeIgniter->run()
11 SYSTEMPATH/Commands/Server/rewrite.php(47): require_once('/Users/devcycle-andrew/Documents/GitHub/example-php-codeigniter/public/index.php')
CRITICAL - 2024-02-03 00:29:01 --> ErrorException: Undefined variable $devcycle_client
in APPPATH/Views/togglebot.php on line 2.
 1 APPPATH/Views/togglebot.php(2): CodeIgniter\Debug\Exceptions->errorHandler(2, 'Undefined variable $devcycle_client', '/Users/devcycle-andrew/Documents/GitHub/example-php-codeigniter/app/Views/togglebot.php', 2)
 2 APPPATH/Views/index.php(23): include('/Users/devcycle-andrew/Documents/GitHub/example-php-codeigniter/app/Views/togglebot.php')
 3 SYSTEMPATH/View/View.php(228): include('/Users/devcycle-andrew/Documents/GitHub/example-php-codeigniter/app/Views/index.php')
 4 SYSTEMPATH/View/View.php(231): CodeIgniter\View\View->CodeIgniter\View\{closure}()
 5 SYSTEMPATH/Common.php(1178): CodeIgniter\View\View->render('index', [], true)
 6 APPPATH/Controllers/Home.php(32): view('index')
 7 SYSTEMPATH/CodeIgniter.php(941): App\Controllers\Home->index()
 8 SYSTEMPATH/CodeIgniter.php(502): CodeIgniter\CodeIgniter->runController(Object(App\Controllers\Home))
 9 SYSTEMPATH/CodeIgniter.php(361): CodeIgniter\CodeIgniter->handleRequest(null, Object(Config\Cache), false)
10 FCPATH/index.php(79): CodeIgniter\CodeIgniter->run()
11 SYSTEMPATH/Commands/Server/rewrite.php(47): require_once('/Users/devcycle-andrew/Documents/GitHub/example-php-codeigniter/public/index.php')
CRITICAL - 2024-02-03 00:29:01 --> ErrorException: Undefined variable $devcycle_client
in APPPATH/Views/togglebot.php on line 2.
 1 APPPATH/Views/togglebot.php(2): CodeIgniter\Debug\Exceptions->errorHandler(2, 'Undefined variable $devcycle_client', '/Users/devcycle-andrew/Documents/GitHub/example-php-codeigniter/app/Views/togglebot.php', 2)
 2 APPPATH/Views/index.php(23): include('/Users/devcycle-andrew/Documents/GitHub/example-php-codeigniter/app/Views/togglebot.php')
 3 SYSTEMPATH/View/View.php(228): include('/Users/devcycle-andrew/Documents/GitHub/example-php-codeigniter/app/Views/index.php')
 4 SYSTEMPATH/View/View.php(231): CodeIgniter\View\View->CodeIgniter\View\{closure}()
 5 SYSTEMPATH/Common.php(1178): CodeIgniter\View\View->render('index', [], true)
 6 APPPATH/Controllers/Home.php(32): view('index')
 7 SYSTEMPATH/CodeIgniter.php(941): App\Controllers\Home->index()
 8 SYSTEMPATH/CodeIgniter.php(502): CodeIgniter\CodeIgniter->runController(Object(App\Controllers\Home))
 9 SYSTEMPATH/CodeIgniter.php(361): CodeIgniter\CodeIgniter->handleRequest(null, Object(Config\Cache), false)
10 FCPATH/index.php(79): CodeIgniter\CodeIgniter->run()
11 SYSTEMPATH/Commands/Server/rewrite.php(47): require_once('/Users/devcycle-andrew/Documents/GitHub/example-php-codeigniter/public/index.php')
CRITICAL - 2024-02-03 00:29:01 --> ErrorException: Undefined variable $devcycle_client
in APPPATH/Views/togglebot.php on line 2.
 1 APPPATH/Views/togglebot.php(2): CodeIgniter\Debug\Exceptions->errorHandler(2, 'Undefined variable $devcycle_client', '/Users/devcycle-andrew/Documents/GitHub/example-php-codeigniter/app/Views/togglebot.php', 2)
 2 APPPATH/Views/index.php(23): include('/Users/devcycle-andrew/Documents/GitHub/example-php-codeigniter/app/Views/togglebot.php')
 3 SYSTEMPATH/View/View.php(228): include('/Users/devcycle-andrew/Documents/GitHub/example-php-codeigniter/app/Views/index.php')
 4 SYSTEMPATH/View/View.php(231): CodeIgniter\View\View->CodeIgniter\View\{closure}()
 5 SYSTEMPATH/Common.php(1178): CodeIgniter\View\View->render('index', [], true)
 6 APPPATH/Controllers/Home.php(32): view('index')
 7 SYSTEMPATH/CodeIgniter.php(941): App\Controllers\Home->index()
 8 SYSTEMPATH/CodeIgniter.php(502): CodeIgniter\CodeIgniter->runController(Object(App\Controllers\Home))
 9 SYSTEMPATH/CodeIgniter.php(361): CodeIgniter\CodeIgniter->handleRequest(null, Object(Config\Cache), false)
10 FCPATH/index.php(79): CodeIgniter\CodeIgniter->run()
11 SYSTEMPATH/Commands/Server/rewrite.php(47): require_once('/Users/devcycle-andrew/Documents/GitHub/example-php-codeigniter/public/index.php')
CRITICAL - 2024-02-03 00:29:01 --> ErrorException: Undefined variable $devcycle_client
in APPPATH/Views/togglebot.php on line 2.
 1 APPPATH/Views/togglebot.php(2): CodeIgniter\Debug\Exceptions->errorHandler(2, 'Undefined variable $devcycle_client', '/Users/devcycle-andrew/Documents/GitHub/example-php-codeigniter/app/Views/togglebot.php', 2)
 2 APPPATH/Views/index.php(23): include('/Users/devcycle-andrew/Documents/GitHub/example-php-codeigniter/app/Views/togglebot.php')
 3 SYSTEMPATH/View/View.php(228): include('/Users/devcycle-andrew/Documents/GitHub/example-php-codeigniter/app/Views/index.php')
 4 SYSTEMPATH/View/View.php(231): CodeIgniter\View\View->CodeIgniter\View\{closure}()
 5 SYSTEMPATH/Common.php(1178): CodeIgniter\View\View->render('index', [], true)
 6 APPPATH/Controllers/Home.php(32): view('index')
 7 SYSTEMPATH/CodeIgniter.php(941): App\Controllers\Home->index()
 8 SYSTEMPATH/CodeIgniter.php(502): CodeIgniter\CodeIgniter->runController(Object(App\Controllers\Home))
 9 SYSTEMPATH/CodeIgniter.php(361): CodeIgniter\CodeIgniter->handleRequest(null, Object(Config\Cache), false)
10 FCPATH/index.php(79): CodeIgniter\CodeIgniter->run()
11 SYSTEMPATH/Commands/Server/rewrite.php(47): require_once('/Users/devcycle-andrew/Documents/GitHub/example-php-codeigniter/public/index.php')
CRITICAL - 2024-02-03 00:29:01 --> ErrorException: Undefined variable $devcycle_client
in APPPATH/Views/togglebot.php on line 2.
 1 APPPATH/Views/togglebot.php(2): CodeIgniter\Debug\Exceptions->errorHandler(2, 'Undefined variable $devcycle_client', '/Users/devcycle-andrew/Documents/GitHub/example-php-codeigniter/app/Views/togglebot.php', 2)
 2 APPPATH/Views/index.php(23): include('/Users/devcycle-andrew/Documents/GitHub/example-php-codeigniter/app/Views/togglebot.php')
 3 SYSTEMPATH/View/View.php(228): include('/Users/devcycle-andrew/Documents/GitHub/example-php-codeigniter/app/Views/index.php')
 4 SYSTEMPATH/View/View.php(231): CodeIgniter\View\View->CodeIgniter\View\{closure}()
 5 SYSTEMPATH/Common.php(1178): CodeIgniter\View\View->render('index', [], true)
 6 APPPATH/Controllers/Home.php(32): view('index')
 7 SYSTEMPATH/CodeIgniter.php(941): App\Controllers\Home->index()
 8 SYSTEMPATH/CodeIgniter.php(502): CodeIgniter\CodeIgniter->runController(Object(App\Controllers\Home))
 9 SYSTEMPATH/CodeIgniter.php(361): CodeIgniter\CodeIgniter->handleRequest(null, Object(Config\Cache), false)
10 FCPATH/index.php(79): CodeIgniter\CodeIgniter->run()
11 SYSTEMPATH/Commands/Server/rewrite.php(47): require_once('/Users/devcycle-andrew/Documents/GitHub/example-php-codeigniter/public/index.php')
CRITICAL - 2024-02-03 00:29:01 --> ErrorException: Undefined variable $devcycle_client
in APPPATH/Views/togglebot.php on line 2.
 1 APPPATH/Views/togglebot.php(2): CodeIgniter\Debug\Exceptions->errorHandler(2, 'Undefined variable $devcycle_client', '/Users/devcycle-andrew/Documents/GitHub/example-php-codeigniter/app/Views/togglebot.php', 2)
 2 APPPATH/Views/index.php(23): include('/Users/devcycle-andrew/Documents/GitHub/example-php-codeigniter/app/Views/togglebot.php')
 3 SYSTEMPATH/View/View.php(228): include('/Users/devcycle-andrew/Documents/GitHub/example-php-codeigniter/app/Views/index.php')
 4 SYSTEMPATH/View/View.php(231): CodeIgniter\View\View->CodeIgniter\View\{closure}()
 5 SYSTEMPATH/Common.php(1178): CodeIgniter\View\View->render('index', [], true)
 6 APPPATH/Controllers/Home.php(32): view('index')
 7 SYSTEMPATH/CodeIgniter.php(941): App\Controllers\Home->index()
 8 SYSTEMPATH/CodeIgniter.php(502): CodeIgniter\CodeIgniter->runController(Object(App\Controllers\Home))
 9 SYSTEMPATH/CodeIgniter.php(361): CodeIgniter\CodeIgniter->handleRequest(null, Object(Config\Cache), false)
10 FCPATH/index.php(79): CodeIgniter\CodeIgniter->run()
11 SYSTEMPATH/Commands/Server/rewrite.php(47): require_once('/Users/devcycle-andrew/Documents/GitHub/example-php-codeigniter/public/index.php')
CRITICAL - 2024-02-03 00:29:02 --> ErrorException: Undefined variable $devcycle_client
in APPPATH/Views/togglebot.php on line 2.
 1 APPPATH/Views/togglebot.php(2): CodeIgniter\Debug\Exceptions->errorHandler(2, 'Undefined variable $devcycle_client', '/Users/devcycle-andrew/Documents/GitHub/example-php-codeigniter/app/Views/togglebot.php', 2)
 2 APPPATH/Views/index.php(23): include('/Users/devcycle-andrew/Documents/GitHub/example-php-codeigniter/app/Views/togglebot.php')
 3 SYSTEMPATH/View/View.php(228): include('/Users/devcycle-andrew/Documents/GitHub/example-php-codeigniter/app/Views/index.php')
 4 SYSTEMPATH/View/View.php(231): CodeIgniter\View\View->CodeIgniter\View\{closure}()
 5 SYSTEMPATH/Common.php(1178): CodeIgniter\View\View->render('index', [], true)
 6 APPPATH/Controllers/Home.php(32): view('index')
 7 SYSTEMPATH/CodeIgniter.php(941): App\Controllers\Home->index()
 8 SYSTEMPATH/CodeIgniter.php(502): CodeIgniter\CodeIgniter->runController(Object(App\Controllers\Home))
 9 SYSTEMPATH/CodeIgniter.php(361): CodeIgniter\CodeIgniter->handleRequest(null, Object(Config\Cache), false)
10 FCPATH/index.php(79): CodeIgniter\CodeIgniter->run()
11 SYSTEMPATH/Commands/Server/rewrite.php(47): require_once('/Users/devcycle-andrew/Documents/GitHub/example-php-codeigniter/public/index.php')
CRITICAL - 2024-02-03 00:30:40 --> ErrorException: Undefined variable $devcycle_client
in APPPATH/Views/togglebot.php on line 2.
 1 APPPATH/Views/togglebot.php(2): CodeIgniter\Debug\Exceptions->errorHandler(2, 'Undefined variable $devcycle_client', '/Users/devcycle-andrew/Documents/GitHub/example-php-codeigniter/app/Views/togglebot.php', 2)
 2 APPPATH/Views/index.php(23): include('/Users/devcycle-andrew/Documents/GitHub/example-php-codeigniter/app/Views/togglebot.php')
 3 SYSTEMPATH/View/View.php(228): include('/Users/devcycle-andrew/Documents/GitHub/example-php-codeigniter/app/Views/index.php')
 4 SYSTEMPATH/View/View.php(231): CodeIgniter\View\View->CodeIgniter\View\{closure}()
 5 SYSTEMPATH/Common.php(1178): CodeIgniter\View\View->render('index', [], true)
 6 APPPATH/Controllers/Home.php(32): view('index')
 7 SYSTEMPATH/CodeIgniter.php(941): App\Controllers\Home->index()
 8 SYSTEMPATH/CodeIgniter.php(502): CodeIgniter\CodeIgniter->runController(Object(App\Controllers\Home))
 9 SYSTEMPATH/CodeIgniter.php(361): CodeIgniter\CodeIgniter->handleRequest(null, Object(Config\Cache), false)
10 FCPATH/index.php(79): CodeIgniter\CodeIgniter->run()
11 SYSTEMPATH/Commands/Server/rewrite.php(47): require_once('/Users/devcycle-andrew/Documents/GitHub/example-php-codeigniter/public/index.php')
CRITICAL - 2024-02-03 00:31:20 --> Error: Call to undefined method GuzzleHttp\Client::create()
in APPPATH/Controllers/Home.php on line 27.
 1 SYSTEMPATH/CodeIgniter.php(941): App\Controllers\Home->index()
 2 SYSTEMPATH/CodeIgniter.php(502): CodeIgniter\CodeIgniter->runController(Object(App\Controllers\Home))
 3 SYSTEMPATH/CodeIgniter.php(361): CodeIgniter\CodeIgniter->handleRequest(null, Object(Config\Cache), false)
 4 FCPATH/index.php(79): CodeIgniter\CodeIgniter->run()
 5 SYSTEMPATH/Commands/Server/rewrite.php(47): require_once('/Users/devcycle-andrew/Documents/GitHub/example-php-codeigniter/public/index.php')
CRITICAL - 2024-02-03 00:31:21 --> Error: Call to undefined method GuzzleHttp\Client::create()
in APPPATH/Controllers/Home.php on line 27.
 1 SYSTEMPATH/CodeIgniter.php(941): App\Controllers\Home->index()
 2 SYSTEMPATH/CodeIgniter.php(502): CodeIgniter\CodeIgniter->runController(Object(App\Controllers\Home))
 3 SYSTEMPATH/CodeIgniter.php(361): CodeIgniter\CodeIgniter->handleRequest(null, Object(Config\Cache), false)
 4 FCPATH/index.php(79): CodeIgniter\CodeIgniter->run()
 5 SYSTEMPATH/Commands/Server/rewrite.php(47): require_once('/Users/devcycle-andrew/Documents/GitHub/example-php-codeigniter/public/index.php')
CRITICAL - 2024-02-03 00:31:21 --> Error: Call to undefined method GuzzleHttp\Client::create()
in APPPATH/Controllers/Home.php on line 27.
 1 SYSTEMPATH/CodeIgniter.php(941): App\Controllers\Home->index()
 2 SYSTEMPATH/CodeIgniter.php(502): CodeIgniter\CodeIgniter->runController(Object(App\Controllers\Home))
 3 SYSTEMPATH/CodeIgniter.php(361): CodeIgniter\CodeIgniter->handleRequest(null, Object(Config\Cache), false)
 4 FCPATH/index.php(79): CodeIgniter\CodeIgniter->run()
 5 SYSTEMPATH/Commands/Server/rewrite.php(47): require_once('/Users/devcycle-andrew/Documents/GitHub/example-php-codeigniter/public/index.php')
CRITICAL - 2024-02-03 00:31:21 --> Error: Call to undefined method GuzzleHttp\Client::create()
in APPPATH/Controllers/Home.php on line 27.
 1 SYSTEMPATH/CodeIgniter.php(941): App\Controllers\Home->index()
 2 SYSTEMPATH/CodeIgniter.php(502): CodeIgniter\CodeIgniter->runController(Object(App\Controllers\Home))
 3 SYSTEMPATH/CodeIgniter.php(361): CodeIgniter\CodeIgniter->handleRequest(null, Object(Config\Cache), false)
 4 FCPATH/index.php(79): CodeIgniter\CodeIgniter->run()
 5 SYSTEMPATH/Commands/Server/rewrite.php(47): require_once('/Users/devcycle-andrew/Documents/GitHub/example-php-codeigniter/public/index.php')
CRITICAL - 2024-02-03 00:31:21 --> Error: Call to undefined method GuzzleHttp\Client::create()
in APPPATH/Controllers/Home.php on line 27.
 1 SYSTEMPATH/CodeIgniter.php(941): App\Controllers\Home->index()
 2 SYSTEMPATH/CodeIgniter.php(502): CodeIgniter\CodeIgniter->runController(Object(App\Controllers\Home))
 3 SYSTEMPATH/CodeIgniter.php(361): CodeIgniter\CodeIgniter->handleRequest(null, Object(Config\Cache), false)
 4 FCPATH/index.php(79): CodeIgniter\CodeIgniter->run()
 5 SYSTEMPATH/Commands/Server/rewrite.php(47): require_once('/Users/devcycle-andrew/Documents/GitHub/example-php-codeigniter/public/index.php')
CRITICAL - 2024-02-03 00:31:21 --> Error: Call to undefined method GuzzleHttp\Client::create()
in APPPATH/Controllers/Home.php on line 27.
 1 SYSTEMPATH/CodeIgniter.php(941): App\Controllers\Home->index()
 2 SYSTEMPATH/CodeIgniter.php(502): CodeIgniter\CodeIgniter->runController(Object(App\Controllers\Home))
 3 SYSTEMPATH/CodeIgniter.php(361): CodeIgniter\CodeIgniter->handleRequest(null, Object(Config\Cache), false)
 4 FCPATH/index.php(79): CodeIgniter\CodeIgniter->run()
 5 SYSTEMPATH/Commands/Server/rewrite.php(47): require_once('/Users/devcycle-andrew/Documents/GitHub/example-php-codeigniter/public/index.php')
CRITICAL - 2024-02-03 00:31:38 --> ErrorException: Undefined variable $user_data
in APPPATH/Views/togglebot.php on line 2.
 1 APPPATH/Views/togglebot.php(2): CodeIgniter\Debug\Exceptions->errorHandler(2, 'Undefined variable $user_data', '/Users/devcycle-andrew/Documents/GitHub/example-php-codeigniter/app/Views/togglebot.php', 2)
 2 APPPATH/Views/index.php(23): include('/Users/devcycle-andrew/Documents/GitHub/example-php-codeigniter/app/Views/togglebot.php')
 3 SYSTEMPATH/View/View.php(228): include('/Users/devcycle-andrew/Documents/GitHub/example-php-codeigniter/app/Views/index.php')
 4 SYSTEMPATH/View/View.php(231): CodeIgniter\View\View->CodeIgniter\View\{closure}()
 5 SYSTEMPATH/Common.php(1178): CodeIgniter\View\View->render('index', [], true)
 6 APPPATH/Controllers/Home.php(32): view('index', [...])
 7 SYSTEMPATH/CodeIgniter.php(941): App\Controllers\Home->index()
 8 SYSTEMPATH/CodeIgniter.php(502): CodeIgniter\CodeIgniter->runController(Object(App\Controllers\Home))
 9 SYSTEMPATH/CodeIgniter.php(361): CodeIgniter\CodeIgniter->handleRequest(null, Object(Config\Cache), false)
10 FCPATH/index.php(79): CodeIgniter\CodeIgniter->run()
11 SYSTEMPATH/Commands/Server/rewrite.php(47): require_once('/Users/devcycle-andrew/Documents/GitHub/example-php-codeigniter/public/index.php')
CRITICAL - 2024-02-03 00:31:39 --> ErrorException: Undefined variable $user_data
in APPPATH/Views/togglebot.php on line 2.
 1 APPPATH/Views/togglebot.php(2): CodeIgniter\Debug\Exceptions->errorHandler(2, 'Undefined variable $user_data', '/Users/devcycle-andrew/Documents/GitHub/example-php-codeigniter/app/Views/togglebot.php', 2)
 2 APPPATH/Views/index.php(23): include('/Users/devcycle-andrew/Documents/GitHub/example-php-codeigniter/app/Views/togglebot.php')
 3 SYSTEMPATH/View/View.php(228): include('/Users/devcycle-andrew/Documents/GitHub/example-php-codeigniter/app/Views/index.php')
 4 SYSTEMPATH/View/View.php(231): CodeIgniter\View\View->CodeIgniter\View\{closure}()
 5 SYSTEMPATH/Common.php(1178): CodeIgniter\View\View->render('index', [], true)
 6 APPPATH/Controllers/Home.php(32): view('index', [...])
 7 SYSTEMPATH/CodeIgniter.php(941): App\Controllers\Home->index()
 8 SYSTEMPATH/CodeIgniter.php(502): CodeIgniter\CodeIgniter->runController(Object(App\Controllers\Home))
 9 SYSTEMPATH/CodeIgniter.php(361): CodeIgniter\CodeIgniter->handleRequest(null, Object(Config\Cache), false)
10 FCPATH/index.php(79): CodeIgniter\CodeIgniter->run()
11 SYSTEMPATH/Commands/Server/rewrite.php(47): require_once('/Users/devcycle-andrew/Documents/GitHub/example-php-codeigniter/public/index.php')
CRITICAL - 2024-02-03 00:31:40 --> ErrorException: Undefined variable $user_data
in APPPATH/Views/togglebot.php on line 2.
 1 APPPATH/Views/togglebot.php(2): CodeIgniter\Debug\Exceptions->errorHandler(2, 'Undefined variable $user_data', '/Users/devcycle-andrew/Documents/GitHub/example-php-codeigniter/app/Views/togglebot.php', 2)
 2 APPPATH/Views/index.php(23): include('/Users/devcycle-andrew/Documents/GitHub/example-php-codeigniter/app/Views/togglebot.php')
 3 SYSTEMPATH/View/View.php(228): include('/Users/devcycle-andrew/Documents/GitHub/example-php-codeigniter/app/Views/index.php')
 4 SYSTEMPATH/View/View.php(231): CodeIgniter\View\View->CodeIgniter\View\{closure}()
 5 SYSTEMPATH/Common.php(1178): CodeIgniter\View\View->render('index', [], true)
 6 APPPATH/Controllers/Home.php(32): view('index', [...])
 7 SYSTEMPATH/CodeIgniter.php(941): App\Controllers\Home->index()
 8 SYSTEMPATH/CodeIgniter.php(502): CodeIgniter\CodeIgniter->runController(Object(App\Controllers\Home))
 9 SYSTEMPATH/CodeIgniter.php(361): CodeIgniter\CodeIgniter->handleRequest(null, Object(Config\Cache), false)
10 FCPATH/index.php(79): CodeIgniter\CodeIgniter->run()
11 SYSTEMPATH/Commands/Server/rewrite.php(47): require_once('/Users/devcycle-andrew/Documents/GitHub/example-php-codeigniter/public/index.php')
CRITICAL - 2024-02-03 00:31:40 --> ErrorException: Undefined variable $user_data
in APPPATH/Views/togglebot.php on line 2.
 1 APPPATH/Views/togglebot.php(2): CodeIgniter\Debug\Exceptions->errorHandler(2, 'Undefined variable $user_data', '/Users/devcycle-andrew/Documents/GitHub/example-php-codeigniter/app/Views/togglebot.php', 2)
 2 APPPATH/Views/index.php(23): include('/Users/devcycle-andrew/Documents/GitHub/example-php-codeigniter/app/Views/togglebot.php')
 3 SYSTEMPATH/View/View.php(228): include('/Users/devcycle-andrew/Documents/GitHub/example-php-codeigniter/app/Views/index.php')
 4 SYSTEMPATH/View/View.php(231): CodeIgniter\View\View->CodeIgniter\View\{closure}()
 5 SYSTEMPATH/Common.php(1178): CodeIgniter\View\View->render('index', [], true)
 6 APPPATH/Controllers/Home.php(32): view('index', [...])
 7 SYSTEMPATH/CodeIgniter.php(941): App\Controllers\Home->index()
 8 SYSTEMPATH/CodeIgniter.php(502): CodeIgniter\CodeIgniter->runController(Object(App\Controllers\Home))
 9 SYSTEMPATH/CodeIgniter.php(361): CodeIgniter\CodeIgniter->handleRequest(null, Object(Config\Cache), false)
10 FCPATH/index.php(79): CodeIgniter\CodeIgniter->run()
11 SYSTEMPATH/Commands/Server/rewrite.php(47): require_once('/Users/devcycle-andrew/Documents/GitHub/example-php-codeigniter/public/index.php')
CRITICAL - 2024-02-03 00:31:40 --> ErrorException: Undefined variable $user_data
in APPPATH/Views/togglebot.php on line 2.
 1 APPPATH/Views/togglebot.php(2): CodeIgniter\Debug\Exceptions->errorHandler(2, 'Undefined variable $user_data', '/Users/devcycle-andrew/Documents/GitHub/example-php-codeigniter/app/Views/togglebot.php', 2)
 2 APPPATH/Views/index.php(23): include('/Users/devcycle-andrew/Documents/GitHub/example-php-codeigniter/app/Views/togglebot.php')
 3 SYSTEMPATH/View/View.php(228): include('/Users/devcycle-andrew/Documents/GitHub/example-php-codeigniter/app/Views/index.php')
 4 SYSTEMPATH/View/View.php(231): CodeIgniter\View\View->CodeIgniter\View\{closure}()
 5 SYSTEMPATH/Common.php(1178): CodeIgniter\View\View->render('index', [], true)
 6 APPPATH/Controllers/Home.php(32): view('index', [...])
 7 SYSTEMPATH/CodeIgniter.php(941): App\Controllers\Home->index()
 8 SYSTEMPATH/CodeIgniter.php(502): CodeIgniter\CodeIgniter->runController(Object(App\Controllers\Home))
 9 SYSTEMPATH/CodeIgniter.php(361): CodeIgniter\CodeIgniter->handleRequest(null, Object(Config\Cache), false)
10 FCPATH/index.php(79): CodeIgniter\CodeIgniter->run()
11 SYSTEMPATH/Commands/Server/rewrite.php(47): require_once('/Users/devcycle-andrew/Documents/GitHub/example-php-codeigniter/public/index.php')
CRITICAL - 2024-02-03 00:31:40 --> ErrorException: Undefined variable $user_data
in APPPATH/Views/togglebot.php on line 2.
 1 APPPATH/Views/togglebot.php(2): CodeIgniter\Debug\Exceptions->errorHandler(2, 'Undefined variable $user_data', '/Users/devcycle-andrew/Documents/GitHub/example-php-codeigniter/app/Views/togglebot.php', 2)
 2 APPPATH/Views/index.php(23): include('/Users/devcycle-andrew/Documents/GitHub/example-php-codeigniter/app/Views/togglebot.php')
 3 SYSTEMPATH/View/View.php(228): include('/Users/devcycle-andrew/Documents/GitHub/example-php-codeigniter/app/Views/index.php')
 4 SYSTEMPATH/View/View.php(231): CodeIgniter\View\View->CodeIgniter\View\{closure}()
 5 SYSTEMPATH/Common.php(1178): CodeIgniter\View\View->render('index', [], true)
 6 APPPATH/Controllers/Home.php(32): view('index', [...])
 7 SYSTEMPATH/CodeIgniter.php(941): App\Controllers\Home->index()
 8 SYSTEMPATH/CodeIgniter.php(502): CodeIgniter\CodeIgniter->runController(Object(App\Controllers\Home))
 9 SYSTEMPATH/CodeIgniter.php(361): CodeIgniter\CodeIgniter->handleRequest(null, Object(Config\Cache), false)
10 FCPATH/index.php(79): CodeIgniter\CodeIgniter->run()
11 SYSTEMPATH/Commands/Server/rewrite.php(47): require_once('/Users/devcycle-andrew/Documents/GitHub/example-php-codeigniter/public/index.php')
CRITICAL - 2024-02-03 00:36:47 --> ErrorException: include(/components/togglebot.php): Failed to open stream: No such file or directory
in APPPATH/Views/index.php on line 23.
 1 APPPATH/Views/index.php(23): CodeIgniter\Debug\Exceptions->errorHandler(2, 'include(/components/togglebot.php): Failed to open stream: No such file or directory', '/Users/devcycle-andrew/Documents/GitHub/example-php-codeigniter/app/Views/index.php', 23)
 2 APPPATH/Views/index.php(23): include()
 3 SYSTEMPATH/View/View.php(228): include('/Users/devcycle-andrew/Documents/GitHub/example-php-codeigniter/app/Views/index.php')
 4 SYSTEMPATH/View/View.php(231): CodeIgniter\View\View->CodeIgniter\View\{closure}()
 5 SYSTEMPATH/Common.php(1178): CodeIgniter\View\View->render('index', [], true)
 6 APPPATH/Controllers/Home.php(35): view('index', [...])
 7 SYSTEMPATH/CodeIgniter.php(941): App\Controllers\Home->index()
 8 SYSTEMPATH/CodeIgniter.php(502): CodeIgniter\CodeIgniter->runController(Object(App\Controllers\Home))
 9 SYSTEMPATH/CodeIgniter.php(361): CodeIgniter\CodeIgniter->handleRequest(null, Object(Config\Cache), false)
10 FCPATH/index.php(79): CodeIgniter\CodeIgniter->run()
11 SYSTEMPATH/Commands/Server/rewrite.php(47): require_once('/Users/devcycle-andrew/Documents/GitHub/example-php-codeigniter/public/index.php')
CRITICAL - 2024-02-03 00:36:48 --> ErrorException: include(/components/togglebot.php): Failed to open stream: No such file or directory
in APPPATH/Views/index.php on line 23.
 1 APPPATH/Views/index.php(23): CodeIgniter\Debug\Exceptions->errorHandler(2, 'include(/components/togglebot.php): Failed to open stream: No such file or directory', '/Users/devcycle-andrew/Documents/GitHub/example-php-codeigniter/app/Views/index.php', 23)
 2 APPPATH/Views/index.php(23): include()
 3 SYSTEMPATH/View/View.php(228): include('/Users/devcycle-andrew/Documents/GitHub/example-php-codeigniter/app/Views/index.php')
 4 SYSTEMPATH/View/View.php(231): CodeIgniter\View\View->CodeIgniter\View\{closure}()
 5 SYSTEMPATH/Common.php(1178): CodeIgniter\View\View->render('index', [], true)
 6 APPPATH/Controllers/Home.php(35): view('index', [...])
 7 SYSTEMPATH/CodeIgniter.php(941): App\Controllers\Home->index()
 8 SYSTEMPATH/CodeIgniter.php(502): CodeIgniter\CodeIgniter->runController(Object(App\Controllers\Home))
 9 SYSTEMPATH/CodeIgniter.php(361): CodeIgniter\CodeIgniter->handleRequest(null, Object(Config\Cache), false)
10 FCPATH/index.php(79): CodeIgniter\CodeIgniter->run()
11 SYSTEMPATH/Commands/Server/rewrite.php(47): require_once('/Users/devcycle-andrew/Documents/GitHub/example-php-codeigniter/public/index.php')
CRITICAL - 2024-02-03 00:36:48 --> ErrorException: include(/components/togglebot.php): Failed to open stream: No such file or directory
in APPPATH/Views/index.php on line 23.
 1 APPPATH/Views/index.php(23): CodeIgniter\Debug\Exceptions->errorHandler(2, 'include(/components/togglebot.php): Failed to open stream: No such file or directory', '/Users/devcycle-andrew/Documents/GitHub/example-php-codeigniter/app/Views/index.php', 23)
 2 APPPATH/Views/index.php(23): include()
 3 SYSTEMPATH/View/View.php(228): include('/Users/devcycle-andrew/Documents/GitHub/example-php-codeigniter/app/Views/index.php')
 4 SYSTEMPATH/View/View.php(231): CodeIgniter\View\View->CodeIgniter\View\{closure}()
 5 SYSTEMPATH/Common.php(1178): CodeIgniter\View\View->render('index', [], true)
 6 APPPATH/Controllers/Home.php(35): view('index', [...])
 7 SYSTEMPATH/CodeIgniter.php(941): App\Controllers\Home->index()
 8 SYSTEMPATH/CodeIgniter.php(502): CodeIgniter\CodeIgniter->runController(Object(App\Controllers\Home))
 9 SYSTEMPATH/CodeIgniter.php(361): CodeIgniter\CodeIgniter->handleRequest(null, Object(Config\Cache), false)
10 FCPATH/index.php(79): CodeIgniter\CodeIgniter->run()
11 SYSTEMPATH/Commands/Server/rewrite.php(47): require_once('/Users/devcycle-andrew/Documents/GitHub/example-php-codeigniter/public/index.php')
CRITICAL - 2024-02-03 00:36:49 --> ErrorException: include(/components/togglebot.php): Failed to open stream: No such file or directory
in APPPATH/Views/index.php on line 23.
 1 APPPATH/Views/index.php(23): CodeIgniter\Debug\Exceptions->errorHandler(2, 'include(/components/togglebot.php): Failed to open stream: No such file or directory', '/Users/devcycle-andrew/Documents/GitHub/example-php-codeigniter/app/Views/index.php', 23)
 2 APPPATH/Views/index.php(23): include()
 3 SYSTEMPATH/View/View.php(228): include('/Users/devcycle-andrew/Documents/GitHub/example-php-codeigniter/app/Views/index.php')
 4 SYSTEMPATH/View/View.php(231): CodeIgniter\View\View->CodeIgniter\View\{closure}()
 5 SYSTEMPATH/Common.php(1178): CodeIgniter\View\View->render('index', [], true)
 6 APPPATH/Controllers/Home.php(35): view('index', [...])
 7 SYSTEMPATH/CodeIgniter.php(941): App\Controllers\Home->index()
 8 SYSTEMPATH/CodeIgniter.php(502): CodeIgniter\CodeIgniter->runController(Object(App\Controllers\Home))
 9 SYSTEMPATH/CodeIgniter.php(361): CodeIgniter\CodeIgniter->handleRequest(null, Object(Config\Cache), false)
10 FCPATH/index.php(79): CodeIgniter\CodeIgniter->run()
11 SYSTEMPATH/Commands/Server/rewrite.php(47): require_once('/Users/devcycle-andrew/Documents/GitHub/example-php-codeigniter/public/index.php')
CRITICAL - 2024-02-03 00:36:49 --> ErrorException: include(/components/togglebot.php): Failed to open stream: No such file or directory
in APPPATH/Views/index.php on line 23.
 1 APPPATH/Views/index.php(23): CodeIgniter\Debug\Exceptions->errorHandler(2, 'include(/components/togglebot.php): Failed to open stream: No such file or directory', '/Users/devcycle-andrew/Documents/GitHub/example-php-codeigniter/app/Views/index.php', 23)
 2 APPPATH/Views/index.php(23): include()
 3 SYSTEMPATH/View/View.php(228): include('/Users/devcycle-andrew/Documents/GitHub/example-php-codeigniter/app/Views/index.php')
 4 SYSTEMPATH/View/View.php(231): CodeIgniter\View\View->CodeIgniter\View\{closure}()
 5 SYSTEMPATH/Common.php(1178): CodeIgniter\View\View->render('index', [], true)
 6 APPPATH/Controllers/Home.php(35): view('index', [...])
 7 SYSTEMPATH/CodeIgniter.php(941): App\Controllers\Home->index()
 8 SYSTEMPATH/CodeIgniter.php(502): CodeIgniter\CodeIgniter->runController(Object(App\Controllers\Home))
 9 SYSTEMPATH/CodeIgniter.php(361): CodeIgniter\CodeIgniter->handleRequest(null, Object(Config\Cache), false)
10 FCPATH/index.php(79): CodeIgniter\CodeIgniter->run()
11 SYSTEMPATH/Commands/Server/rewrite.php(47): require_once('/Users/devcycle-andrew/Documents/GitHub/example-php-codeigniter/public/index.php')
CRITICAL - 2024-02-03 00:36:49 --> ErrorException: include(/components/togglebot.php): Failed to open stream: No such file or directory
in APPPATH/Views/index.php on line 23.
 1 APPPATH/Views/index.php(23): CodeIgniter\Debug\Exceptions->errorHandler(2, 'include(/components/togglebot.php): Failed to open stream: No such file or directory', '/Users/devcycle-andrew/Documents/GitHub/example-php-codeigniter/app/Views/index.php', 23)
 2 APPPATH/Views/index.php(23): include()
 3 SYSTEMPATH/View/View.php(228): include('/Users/devcycle-andrew/Documents/GitHub/example-php-codeigniter/app/Views/index.php')
 4 SYSTEMPATH/View/View.php(231): CodeIgniter\View\View->CodeIgniter\View\{closure}()
 5 SYSTEMPATH/Common.php(1178): CodeIgniter\View\View->render('index', [], true)
 6 APPPATH/Controllers/Home.php(35): view('index', [...])
 7 SYSTEMPATH/CodeIgniter.php(941): App\Controllers\Home->index()
 8 SYSTEMPATH/CodeIgniter.php(502): CodeIgniter\CodeIgniter->runController(Object(App\Controllers\Home))
 9 SYSTEMPATH/CodeIgniter.php(361): CodeIgniter\CodeIgniter->handleRequest(null, Object(Config\Cache), false)
10 FCPATH/index.php(79): CodeIgniter\CodeIgniter->run()
11 SYSTEMPATH/Commands/Server/rewrite.php(47): require_once('/Users/devcycle-andrew/Documents/GitHub/example-php-codeigniter/public/index.php')
CRITICAL - 2024-02-03 00:36:59 --> ErrorException: include(./components/togglebot.php): Failed to open stream: No such file or directory
in APPPATH/Views/index.php on line 23.
 1 APPPATH/Views/index.php(23): CodeIgniter\Debug\Exceptions->errorHandler(2, 'include(./components/togglebot.php): Failed to open stream: No such file or directory', '/Users/devcycle-andrew/Documents/GitHub/example-php-codeigniter/app/Views/index.php', 23)
 2 APPPATH/Views/index.php(23): include()
 3 SYSTEMPATH/View/View.php(228): include('/Users/devcycle-andrew/Documents/GitHub/example-php-codeigniter/app/Views/index.php')
 4 SYSTEMPATH/View/View.php(231): CodeIgniter\View\View->CodeIgniter\View\{closure}()
 5 SYSTEMPATH/Common.php(1178): CodeIgniter\View\View->render('index', [], true)
 6 APPPATH/Controllers/Home.php(35): view('index', [...])
 7 SYSTEMPATH/CodeIgniter.php(941): App\Controllers\Home->index()
 8 SYSTEMPATH/CodeIgniter.php(502): CodeIgniter\CodeIgniter->runController(Object(App\Controllers\Home))
 9 SYSTEMPATH/CodeIgniter.php(361): CodeIgniter\CodeIgniter->handleRequest(null, Object(Config\Cache), false)
10 FCPATH/index.php(79): CodeIgniter\CodeIgniter->run()
11 SYSTEMPATH/Commands/Server/rewrite.php(47): require_once('/Users/devcycle-andrew/Documents/GitHub/example-php-codeigniter/public/index.php')
CRITICAL - 2024-02-03 00:37:00 --> ErrorException: include(./components/togglebot.php): Failed to open stream: No such file or directory
in APPPATH/Views/index.php on line 23.
 1 APPPATH/Views/index.php(23): CodeIgniter\Debug\Exceptions->errorHandler(2, 'include(./components/togglebot.php): Failed to open stream: No such file or directory', '/Users/devcycle-andrew/Documents/GitHub/example-php-codeigniter/app/Views/index.php', 23)
 2 APPPATH/Views/index.php(23): include()
 3 SYSTEMPATH/View/View.php(228): include('/Users/devcycle-andrew/Documents/GitHub/example-php-codeigniter/app/Views/index.php')
 4 SYSTEMPATH/View/View.php(231): CodeIgniter\View\View->CodeIgniter\View\{closure}()
 5 SYSTEMPATH/Common.php(1178): CodeIgniter\View\View->render('index', [], true)
 6 APPPATH/Controllers/Home.php(35): view('index', [...])
 7 SYSTEMPATH/CodeIgniter.php(941): App\Controllers\Home->index()
 8 SYSTEMPATH/CodeIgniter.php(502): CodeIgniter\CodeIgniter->runController(Object(App\Controllers\Home))
 9 SYSTEMPATH/CodeIgniter.php(361): CodeIgniter\CodeIgniter->handleRequest(null, Object(Config\Cache), false)
10 FCPATH/index.php(79): CodeIgniter\CodeIgniter->run()
11 SYSTEMPATH/Commands/Server/rewrite.php(47): require_once('/Users/devcycle-andrew/Documents/GitHub/example-php-codeigniter/public/index.php')
CRITICAL - 2024-02-03 00:37:53 --> ErrorException: include(../components/togglebot.php): Failed to open stream: No such file or directory
in APPPATH/Views/index.php on line 23.
 1 APPPATH/Views/index.php(23): CodeIgniter\Debug\Exceptions->errorHandler(2, 'include(../components/togglebot.php): Failed to open stream: No such file or directory', '/Users/devcycle-andrew/Documents/GitHub/example-php-codeigniter/app/Views/index.php', 23)
 2 APPPATH/Views/index.php(23): include()
 3 SYSTEMPATH/View/View.php(228): include('/Users/devcycle-andrew/Documents/GitHub/example-php-codeigniter/app/Views/index.php')
 4 SYSTEMPATH/View/View.php(231): CodeIgniter\View\View->CodeIgniter\View\{closure}()
 5 SYSTEMPATH/Common.php(1178): CodeIgniter\View\View->render('index', [], true)
 6 APPPATH/Controllers/Home.php(35): view('index', [...])
 7 SYSTEMPATH/CodeIgniter.php(941): App\Controllers\Home->index()
 8 SYSTEMPATH/CodeIgniter.php(502): CodeIgniter\CodeIgniter->runController(Object(App\Controllers\Home))
 9 SYSTEMPATH/CodeIgniter.php(361): CodeIgniter\CodeIgniter->handleRequest(null, Object(Config\Cache), false)
10 FCPATH/index.php(79): CodeIgniter\CodeIgniter->run()
11 SYSTEMPATH/Commands/Server/rewrite.php(47): require_once('/Users/devcycle-andrew/Documents/GitHub/example-php-codeigniter/public/index.php')
CRITICAL - 2024-02-03 00:37:53 --> ErrorException: include(../components/togglebot.php): Failed to open stream: No such file or directory
in APPPATH/Views/index.php on line 23.
 1 APPPATH/Views/index.php(23): CodeIgniter\Debug\Exceptions->errorHandler(2, 'include(../components/togglebot.php): Failed to open stream: No such file or directory', '/Users/devcycle-andrew/Documents/GitHub/example-php-codeigniter/app/Views/index.php', 23)
 2 APPPATH/Views/index.php(23): include()
 3 SYSTEMPATH/View/View.php(228): include('/Users/devcycle-andrew/Documents/GitHub/example-php-codeigniter/app/Views/index.php')
 4 SYSTEMPATH/View/View.php(231): CodeIgniter\View\View->CodeIgniter\View\{closure}()
 5 SYSTEMPATH/Common.php(1178): CodeIgniter\View\View->render('index', [], true)
 6 APPPATH/Controllers/Home.php(35): view('index', [...])
 7 SYSTEMPATH/CodeIgniter.php(941): App\Controllers\Home->index()
 8 SYSTEMPATH/CodeIgniter.php(502): CodeIgniter\CodeIgniter->runController(Object(App\Controllers\Home))
 9 SYSTEMPATH/CodeIgniter.php(361): CodeIgniter\CodeIgniter->handleRequest(null, Object(Config\Cache), false)
10 FCPATH/index.php(79): CodeIgniter\CodeIgniter->run()
11 SYSTEMPATH/Commands/Server/rewrite.php(47): require_once('/Users/devcycle-andrew/Documents/GitHub/example-php-codeigniter/public/index.php')
CRITICAL - 2024-02-03 00:37:53 --> ErrorException: include(../components/togglebot.php): Failed to open stream: No such file or directory
in APPPATH/Views/index.php on line 23.
 1 APPPATH/Views/index.php(23): CodeIgniter\Debug\Exceptions->errorHandler(2, 'include(../components/togglebot.php): Failed to open stream: No such file or directory', '/Users/devcycle-andrew/Documents/GitHub/example-php-codeigniter/app/Views/index.php', 23)
 2 APPPATH/Views/index.php(23): include()
 3 SYSTEMPATH/View/View.php(228): include('/Users/devcycle-andrew/Documents/GitHub/example-php-codeigniter/app/Views/index.php')
 4 SYSTEMPATH/View/View.php(231): CodeIgniter\View\View->CodeIgniter\View\{closure}()
 5 SYSTEMPATH/Common.php(1178): CodeIgniter\View\View->render('index', [], true)
 6 APPPATH/Controllers/Home.php(35): view('index', [...])
 7 SYSTEMPATH/CodeIgniter.php(941): App\Controllers\Home->index()
 8 SYSTEMPATH/CodeIgniter.php(502): CodeIgniter\CodeIgniter->runController(Object(App\Controllers\Home))
 9 SYSTEMPATH/CodeIgniter.php(361): CodeIgniter\CodeIgniter->handleRequest(null, Object(Config\Cache), false)
10 FCPATH/index.php(79): CodeIgniter\CodeIgniter->run()
11 SYSTEMPATH/Commands/Server/rewrite.php(47): require_once('/Users/devcycle-andrew/Documents/GitHub/example-php-codeigniter/public/index.php')
CRITICAL - 2024-02-03 00:37:54 --> ErrorException: include(../components/togglebot.php): Failed to open stream: No such file or directory
in APPPATH/Views/index.php on line 23.
 1 APPPATH/Views/index.php(23): CodeIgniter\Debug\Exceptions->errorHandler(2, 'include(../components/togglebot.php): Failed to open stream: No such file or directory', '/Users/devcycle-andrew/Documents/GitHub/example-php-codeigniter/app/Views/index.php', 23)
 2 APPPATH/Views/index.php(23): include()
 3 SYSTEMPATH/View/View.php(228): include('/Users/devcycle-andrew/Documents/GitHub/example-php-codeigniter/app/Views/index.php')
 4 SYSTEMPATH/View/View.php(231): CodeIgniter\View\View->CodeIgniter\View\{closure}()
 5 SYSTEMPATH/Common.php(1178): CodeIgniter\View\View->render('index', [], true)
 6 APPPATH/Controllers/Home.php(35): view('index', [...])
 7 SYSTEMPATH/CodeIgniter.php(941): App\Controllers\Home->index()
 8 SYSTEMPATH/CodeIgniter.php(502): CodeIgniter\CodeIgniter->runController(Object(App\Controllers\Home))
 9 SYSTEMPATH/CodeIgniter.php(361): CodeIgniter\CodeIgniter->handleRequest(null, Object(Config\Cache), false)
10 FCPATH/index.php(79): CodeIgniter\CodeIgniter->run()
11 SYSTEMPATH/Commands/Server/rewrite.php(47): require_once('/Users/devcycle-andrew/Documents/GitHub/example-php-codeigniter/public/index.php')
CRITICAL - 2024-02-03 00:37:54 --> ErrorException: include(../components/togglebot.php): Failed to open stream: No such file or directory
in APPPATH/Views/index.php on line 23.
 1 APPPATH/Views/index.php(23): CodeIgniter\Debug\Exceptions->errorHandler(2, 'include(../components/togglebot.php): Failed to open stream: No such file or directory', '/Users/devcycle-andrew/Documents/GitHub/example-php-codeigniter/app/Views/index.php', 23)
 2 APPPATH/Views/index.php(23): include()
 3 SYSTEMPATH/View/View.php(228): include('/Users/devcycle-andrew/Documents/GitHub/example-php-codeigniter/app/Views/index.php')
 4 SYSTEMPATH/View/View.php(231): CodeIgniter\View\View->CodeIgniter\View\{closure}()
 5 SYSTEMPATH/Common.php(1178): CodeIgniter\View\View->render('index', [], true)
 6 APPPATH/Controllers/Home.php(35): view('index', [...])
 7 SYSTEMPATH/CodeIgniter.php(941): App\Controllers\Home->index()
 8 SYSTEMPATH/CodeIgniter.php(502): CodeIgniter\CodeIgniter->runController(Object(App\Controllers\Home))
 9 SYSTEMPATH/CodeIgniter.php(361): CodeIgniter\CodeIgniter->handleRequest(null, Object(Config\Cache), false)
10 FCPATH/index.php(79): CodeIgniter\CodeIgniter->run()
11 SYSTEMPATH/Commands/Server/rewrite.php(47): require_once('/Users/devcycle-andrew/Documents/GitHub/example-php-codeigniter/public/index.php')
CRITICAL - 2024-02-03 00:37:54 --> ErrorException: include(../components/togglebot.php): Failed to open stream: No such file or directory
in APPPATH/Views/index.php on line 23.
 1 APPPATH/Views/index.php(23): CodeIgniter\Debug\Exceptions->errorHandler(2, 'include(../components/togglebot.php): Failed to open stream: No such file or directory', '/Users/devcycle-andrew/Documents/GitHub/example-php-codeigniter/app/Views/index.php', 23)
 2 APPPATH/Views/index.php(23): include()
 3 SYSTEMPATH/View/View.php(228): include('/Users/devcycle-andrew/Documents/GitHub/example-php-codeigniter/app/Views/index.php')
 4 SYSTEMPATH/View/View.php(231): CodeIgniter\View\View->CodeIgniter\View\{closure}()
 5 SYSTEMPATH/Common.php(1178): CodeIgniter\View\View->render('index', [], true)
 6 APPPATH/Controllers/Home.php(35): view('index', [...])
 7 SYSTEMPATH/CodeIgniter.php(941): App\Controllers\Home->index()
 8 SYSTEMPATH/CodeIgniter.php(502): CodeIgniter\CodeIgniter->runController(Object(App\Controllers\Home))
 9 SYSTEMPATH/CodeIgniter.php(361): CodeIgniter\CodeIgniter->handleRequest(null, Object(Config\Cache), false)
10 FCPATH/index.php(79): CodeIgniter\CodeIgniter->run()
11 SYSTEMPATH/Commands/Server/rewrite.php(47): require_once('/Users/devcycle-andrew/Documents/GitHub/example-php-codeigniter/public/index.php')
